
---- EXPECTED OUTPUT
bool(true)
bool(true)
bool(true)
bool(true)

Warning: openssl_pkcs7_sign() expects parameter 5 to be array, string given in %s on line %d
NULL

Warning: openssl_pkcs7_sign(): error opening input file %s in %s on line %d
bool(false)

Warning: openssl_pkcs7_sign(): error opening input file %s in %s on line %d
bool(false)

Warning: openssl_pkcs7_sign(): error opening output file %s in %s on line %d
bool(false)

Warning: openssl_pkcs7_sign(): error getting cert in %s on line %d
bool(false)

Warning: openssl_pkcs7_sign(): error getting cert in %s on line %d
bool(false)

Warning: openssl_pkcs7_sign() expects parameter 5 to be array, string given in %s on line %d
NULL

Warning: openssl_pkcs7_sign(): error getting private key in %s on line %d
bool(false)
true
---- ACTUAL OUTPUT
Failed loading /opt/php-7.1/lib/php/extensions/debug-non-zts-20160303/xdebug.so:  /opt/php-7.1/lib/php/extensions/debug-non-zts-20160303/xdebug.so: cannot open shared object file: No such file or directory
bool(true)
bool(true)
bool(true)
bool(true)

Warning: openssl_pkcs7_sign() expects parameter 5 to be array, string given in /root/php-src/ext/openssl/tests/openssl_pkcs7_sign_basic.php on line 20
NULL

Warning: openssl_pkcs7_sign(): error opening input file wrong! in /root/php-src/ext/openssl/tests/openssl_pkcs7_sign_basic.php on line 21
bool(false)

Warning: openssl_pkcs7_sign(): error opening input file ! in /root/php-src/ext/openssl/tests/openssl_pkcs7_sign_basic.php on line 22
bool(false)

Warning: openssl_pkcs7_sign(): error opening output file ! in /root/php-src/ext/openssl/tests/openssl_pkcs7_sign_basic.php on line 23
bool(false)

Warning: openssl_pkcs7_sign(): error getting cert in /root/php-src/ext/openssl/tests/openssl_pkcs7_sign_basic.php on line 24
bool(false)

Warning: openssl_pkcs7_sign(): error getting cert in /root/php-src/ext/openssl/tests/openssl_pkcs7_sign_basic.php on line 25
bool(false)

Warning: openssl_pkcs7_sign() expects parameter 5 to be array, string given in /root/php-src/ext/openssl/tests/openssl_pkcs7_sign_basic.php on line 26
NULL

Warning: openssl_pkcs7_sign(): error getting private key in /root/php-src/ext/openssl/tests/openssl_pkcs7_sign_basic.php on line 27
bool(false)
true
---- FAILED
