
---- EXPECTED OUTPUT
*** Testing expm1() : error conditions ***

-- Testing expm1() function with less than expected no. of arguments --

Warning: expm1() expects exactly 1 parameter, 0 given in %s on line %d

-- Testing expm1() function with more than expected no. of arguments --

Warning: expm1() expects exactly 1 parameter, 2 given in %s on line %d
===Done===
---- ACTUAL OUTPUT
Failed loading /opt/php-7.1/lib/php/extensions/debug-non-zts-20160303/xdebug.so:  /opt/php-7.1/lib/php/extensions/debug-non-zts-20160303/xdebug.so: cannot open shared object file: No such file or directory
*** Testing expm1() : error conditions ***

-- Testing expm1() function with less than expected no. of arguments --

Warning: expm1() expects exactly 1 parameter, 0 given in /root/php-src/ext/standard/tests/math/expm1_error.php on line 11

-- Testing expm1() function with more than expected no. of arguments --

Warning: expm1() expects exactly 1 parameter, 2 given in /root/php-src/ext/standard/tests/math/expm1_error.php on line 13
===Done===
---- FAILED
