
---- EXPECTED OUTPUT
*** Testing hypot() : error conditions ***

-- Testing hypot() function with less than expected no. of arguments --

Warning: hypot() expects exactly 2 parameters, 0 given in %s on line %d

Warning: hypot() expects exactly 2 parameters, 1 given in %s on line %d

-- Testing hypot() function with more than expected no. of arguments --

Warning: hypot() expects exactly 2 parameters, 3 given in %s on line %d
===Done===
---- ACTUAL OUTPUT
Failed loading /opt/php-7.1/lib/php/extensions/debug-non-zts-20160303/xdebug.so:  /opt/php-7.1/lib/php/extensions/debug-non-zts-20160303/xdebug.so: cannot open shared object file: No such file or directory
*** Testing hypot() : error conditions ***

-- Testing hypot() function with less than expected no. of arguments --

Warning: hypot() expects exactly 2 parameters, 0 given in /root/php-src/ext/standard/tests/math/hypot_error.php on line 10

Warning: hypot() expects exactly 2 parameters, 1 given in /root/php-src/ext/standard/tests/math/hypot_error.php on line 11

-- Testing hypot() function with more than expected no. of arguments --

Warning: hypot() expects exactly 2 parameters, 3 given in /root/php-src/ext/standard/tests/math/hypot_error.php on line 14
===Done===
---- FAILED
