
---- EXPECTED OUTPUT
*** Testing preg_match() : error conditions ***

-- Testing preg_match() function with Zero arguments --

Warning: preg_match() expects at least 2 parameters, 0 given in %spreg_match_error.php on line %d
bool(false)

-- Testing preg_match() function with more than expected no. of arguments --

Warning: preg_match() expects at most 5 parameters, 6 given in %spreg_match_error.php on line %d
bool(false)

-- Testing preg_match() function with less than expected no. of arguments --

Warning: preg_match() expects at least 2 parameters, 1 given in %spreg_match_error.php on line %d
bool(false)
Done
---- ACTUAL OUTPUT
Failed loading /opt/php-7.1/lib/php/extensions/debug-non-zts-20160303/xdebug.so:  /opt/php-7.1/lib/php/extensions/debug-non-zts-20160303/xdebug.so: cannot open shared object file: No such file or directory
*** Testing preg_match() : error conditions ***

-- Testing preg_match() function with Zero arguments --

Warning: preg_match() expects at least 2 parameters, 0 given in /root/php-src/ext/pcre/tests/preg_match_error.php on line 9
bool(false)

-- Testing preg_match() function with more than expected no. of arguments --

Warning: preg_match() expects at most 5 parameters, 6 given in /root/php-src/ext/pcre/tests/preg_match_error.php on line 17
bool(false)

-- Testing preg_match() function with less than expected no. of arguments --

Warning: preg_match() expects at least 2 parameters, 1 given in /root/php-src/ext/pcre/tests/preg_match_error.php on line 21
bool(false)
Done
---- FAILED
