
---- EXPECTED OUTPUT
*** Testing preg_last_error() : error conditions ***

-- Testing preg_last_error() function with more than expected no. of arguments --

Warning: preg_last_error() expects exactly 0 parameters, 1 given in %s on line %d
NULL
===Done===
---- ACTUAL OUTPUT
Failed loading /opt/php-7.1/lib/php/extensions/debug-non-zts-20160303/xdebug.so:  /opt/php-7.1/lib/php/extensions/debug-non-zts-20160303/xdebug.so: cannot open shared object file: No such file or directory
*** Testing preg_last_error() : error conditions ***

-- Testing preg_last_error() function with more than expected no. of arguments --

Warning: preg_last_error() expects exactly 0 parameters, 1 given in /root/php-src/ext/pcre/tests/preg_last_error_error.php on line 17
NULL
===Done===
---- FAILED
