
---- EXPECTED OUTPUT
*** Testing preg_match_all() : error conditions ***

Warning: preg_match_all() expects parameter 2 to be string, object given in %spreg_match_all_error2.php on line %d
bool(false)
NULL

Arg value is: Array

Warning: preg_match_all() expects parameter 2 to be string, array given in %spreg_match_all_error2.php on line %d
bool(false)
NULL

Arg value is: test
int(4)
array(1) {
  [0]=>
  array(4) {
    [0]=>
    string(1) "t"
    [1]=>
    string(1) "e"
    [2]=>
    string(1) "s"
    [3]=>
    string(1) "t"
  }
}
Done
---- ACTUAL OUTPUT
Failed loading /opt/php-7.1/lib/php/extensions/debug-non-zts-20160303/xdebug.so:  /opt/php-7.1/lib/php/extensions/debug-non-zts-20160303/xdebug.so: cannot open shared object file: No such file or directory
*** Testing preg_match_all() : error conditions ***

Warning: preg_match_all() expects parameter 2 to be string, object given in /root/php-src/ext/pcre/tests/preg_match_all_error2.php on line 13
bool(false)
NULL

Arg value is: Array

Warning: preg_match_all() expects parameter 2 to be string, array given in /root/php-src/ext/pcre/tests/preg_match_all_error2.php on line 18
bool(false)
NULL

Arg value is: test
int(4)
array(1) {
  [0]=>
  array(4) {
    [0]=>
    string(1) "t"
    [1]=>
    string(1) "e"
    [2]=>
    string(1) "s"
    [3]=>
    string(1) "t"
  }
}
Done
---- FAILED
