
---- EXPECTED OUTPUT
*** Testing preg_match() : error conditions ***

Arg value is: this is a string
int(1)

Arg value is: Array

Warning: preg_match() expects parameter 2 to be string, array given in %spreg_match_error2.php on line %d
bool(false)

Warning: preg_match() expects parameter 2 to be string, object given in %spreg_match_error2.php on line %d
bool(false)
Done
---- ACTUAL OUTPUT
Failed loading /opt/php-7.1/lib/php/extensions/debug-non-zts-20160303/xdebug.so:  /opt/php-7.1/lib/php/extensions/debug-non-zts-20160303/xdebug.so: cannot open shared object file: No such file or directory
*** Testing preg_match() : error conditions ***

Arg value is: this is a string
int(1)

Arg value is: Array

Warning: preg_match() expects parameter 2 to be string, array given in /root/php-src/ext/pcre/tests/preg_match_error2.php on line 15
bool(false)

Warning: preg_match() expects parameter 2 to be string, object given in /root/php-src/ext/pcre/tests/preg_match_error2.php on line 18
bool(false)
Done
---- FAILED
