
---- EXPECTED OUTPUT
*** Testing preg_quote() : error conditions ***

-- Testing preg_quote() function with Zero arguments --

Warning: preg_quote() expects at least 1 parameter, 0 given in %spreg_quote_error.php on line %d
NULL

-- Testing preg_quote() function with more than expected no. of arguments --

Warning: preg_quote() expects at most 2 parameters, 3 given in %spreg_quote_error.php on line %d
NULL
Done
---- ACTUAL OUTPUT
Failed loading /opt/php-7.1/lib/php/extensions/debug-non-zts-20160303/xdebug.so:  /opt/php-7.1/lib/php/extensions/debug-non-zts-20160303/xdebug.so: cannot open shared object file: No such file or directory
*** Testing preg_quote() : error conditions ***

-- Testing preg_quote() function with Zero arguments --

Warning: preg_quote() expects at least 1 parameter, 0 given in /root/php-src/ext/pcre/tests/preg_quote_error.php on line 9
NULL

-- Testing preg_quote() function with more than expected no. of arguments --

Warning: preg_quote() expects at most 2 parameters, 3 given in /root/php-src/ext/pcre/tests/preg_quote_error.php on line 15
NULL
Done
---- FAILED
