
---- EXPECTED OUTPUT
*** Testing preg_grep() : error conditions ***

-- Testing preg_grep() function with Zero arguments --

Warning: preg_grep() expects at least 2 parameters, 0 given in %spreg_grep_error.php on line %d
NULL

-- Testing preg_grep() function with more than expected no. of arguments --

Warning: preg_grep() expects at most 3 parameters, 4 given in %spreg_grep_error.php on line %d
NULL

-- Testing preg_grep() function with less than expected no. of arguments --

Warning: preg_grep() expects at least 2 parameters, 1 given in %spreg_grep_error.php on line %d
NULL
Done
---- ACTUAL OUTPUT
Failed loading /opt/php-7.1/lib/php/extensions/debug-non-zts-20160303/xdebug.so:  /opt/php-7.1/lib/php/extensions/debug-non-zts-20160303/xdebug.so: cannot open shared object file: No such file or directory
*** Testing preg_grep() : error conditions ***

-- Testing preg_grep() function with Zero arguments --

Warning: preg_grep() expects at least 2 parameters, 0 given in /root/php-src/ext/pcre/tests/preg_grep_error.php on line 9
NULL

-- Testing preg_grep() function with more than expected no. of arguments --

Warning: preg_grep() expects at most 3 parameters, 4 given in /root/php-src/ext/pcre/tests/preg_grep_error.php on line 16
NULL

-- Testing preg_grep() function with less than expected no. of arguments --

Warning: preg_grep() expects at least 2 parameters, 1 given in /root/php-src/ext/pcre/tests/preg_grep_error.php on line 20
NULL
Done
---- FAILED
