
---- EXPECTED OUTPUT
Fatal error: Uncaught CustomException: Exception message in %s:%d
Stack trace:
#0 {main}
  thrown in %s on line %d
---- ACTUAL OUTPUT
Failed loading /opt/php-7.1/lib/php/extensions/debug-non-zts-20160303/xdebug.so:  /opt/php-7.1/lib/php/extensions/debug-non-zts-20160303/xdebug.so: cannot open shared object file: No such file or directory

Fatal error: Uncaught CustomException: Exception message in /root/php-src/ext/standard/tests/assert/assert_custom_exception.php:3
Stack trace:
#0 {main}
  thrown in /root/php-src/ext/standard/tests/assert/assert_custom_exception.php on line 3
---- FAILED
