
---- EXPECTED OUTPUT
*** Testing getimagesize() : error conditions ***

-- Testing getimagesize() function with Zero arguments --

Warning: getimagesize() expects at least 1 parameter, 0 given in %s on line %d
NULL

-- Testing getimagesize() function with more than expected no. of arguments --

Warning: getimagesize() expects at most 2 parameters, 3 given in %s on line %d
NULL
===DONE===
---- ACTUAL OUTPUT
Failed loading /opt/php-7.1/lib/php/extensions/debug-non-zts-20160303/xdebug.so:  /opt/php-7.1/lib/php/extensions/debug-non-zts-20160303/xdebug.so: cannot open shared object file: No such file or directory
*** Testing getimagesize() : error conditions ***

-- Testing getimagesize() function with Zero arguments --

Warning: getimagesize() expects at least 1 parameter, 0 given in /root/php-src/ext/standard/tests/image/getimagesize_error1.php on line 12
NULL

-- Testing getimagesize() function with more than expected no. of arguments --

Warning: getimagesize() expects at most 2 parameters, 3 given in /root/php-src/ext/standard/tests/image/getimagesize_error1.php on line 19
NULL
===DONE===
---- FAILED
