
---- EXPECTED OUTPUT
*** Testing image_type_to_mime_type() : error conditions ***

-- Testing image_type_to_mime_type() function with Zero arguments --

Warning: image_type_to_mime_type() expects exactly 1 parameter, 0 given in %simage_type_to_mime_type_error.php on line 13
NULL

-- Testing image_type_to_mime_type() function with more than expected no. of arguments --

Warning: image_type_to_mime_type() expects exactly 1 parameter, 2 given in %simage_type_to_mime_type_error.php on line 17
NULL
===DONE===
---- ACTUAL OUTPUT
Failed loading /opt/php-7.1/lib/php/extensions/debug-non-zts-20160303/xdebug.so:  /opt/php-7.1/lib/php/extensions/debug-non-zts-20160303/xdebug.so: cannot open shared object file: No such file or directory
*** Testing image_type_to_mime_type() : error conditions ***

-- Testing image_type_to_mime_type() function with Zero arguments --

Warning: image_type_to_mime_type() expects exactly 1 parameter, 0 given in /root/php-src/ext/standard/tests/image/image_type_to_mime_type_error.php on line 13
NULL

-- Testing image_type_to_mime_type() function with more than expected no. of arguments --

Warning: image_type_to_mime_type() expects exactly 1 parameter, 2 given in /root/php-src/ext/standard/tests/image/image_type_to_mime_type_error.php on line 17
NULL
===DONE===
---- FAILED
