
---- EXPECTED OUTPUT
*** Testing serialize()/unserialize() : error conditions ***

Warning: serialize() expects exactly 1 parameter, 0 given in %s on line 16
NULL

Warning: unserialize() expects at least 1 parameter, 0 given in %s on line 17
bool(false)

Warning: serialize() expects exactly 1 parameter, 2 given in %s on line 20
NULL

Warning: unserialize() expects at most 2 parameters, 3 given in %s on line 21
bool(false)
Done
---- ACTUAL OUTPUT
Failed loading /opt/php-7.1/lib/php/extensions/debug-non-zts-20160303/xdebug.so:  /opt/php-7.1/lib/php/extensions/debug-non-zts-20160303/xdebug.so: cannot open shared object file: No such file or directory
*** Testing serialize()/unserialize() : error conditions ***

Warning: serialize() expects exactly 1 parameter, 0 given in /root/php-src/ext/standard/tests/serialize/serialization_error_001.php on line 16
NULL

Warning: unserialize() expects at least 1 parameter, 0 given in /root/php-src/ext/standard/tests/serialize/serialization_error_001.php on line 17
bool(false)

Warning: serialize() expects exactly 1 parameter, 2 given in /root/php-src/ext/standard/tests/serialize/serialization_error_001.php on line 20
NULL

Warning: unserialize() expects at most 2 parameters, 3 given in /root/php-src/ext/standard/tests/serialize/serialization_error_001.php on line 21
bool(false)
Done
---- FAILED
