
---- EXPECTED OUTPUT
*** Testing checkdate() : error conditions ***

-- Testing checkdate() function with more than expected no. of arguments --

Warning: checkdate() expects exactly 3 parameters, 4 given in %s on line %d
bool(false)

-- Testing checkdate() function with less than expected no. of arguments --

Warning: checkdate() expects exactly 3 parameters, 0 given in %s on line %d
bool(false)

Warning: checkdate() expects exactly 3 parameters, 1 given in %s on line %d
bool(false)

Warning: checkdate() expects exactly 3 parameters, 2 given in %s on line %d
bool(false)
===DONE===
---- ACTUAL OUTPUT
Failed loading /opt/php-7.1/lib/php/extensions/debug-non-zts-20160303/xdebug.so:  /opt/php-7.1/lib/php/extensions/debug-non-zts-20160303/xdebug.so: cannot open shared object file: No such file or directory
*** Testing checkdate() : error conditions ***

-- Testing checkdate() function with more than expected no. of arguments --

Warning: checkdate() expects exactly 3 parameters, 4 given in /root/php-src/ext/date/tests/checkdate_error.php on line 19
bool(false)

-- Testing checkdate() function with less than expected no. of arguments --

Warning: checkdate() expects exactly 3 parameters, 0 given in /root/php-src/ext/date/tests/checkdate_error.php on line 22
bool(false)

Warning: checkdate() expects exactly 3 parameters, 1 given in /root/php-src/ext/date/tests/checkdate_error.php on line 23
bool(false)

Warning: checkdate() expects exactly 3 parameters, 2 given in /root/php-src/ext/date/tests/checkdate_error.php on line 24
bool(false)
===DONE===
---- FAILED
