
---- EXPECTED OUTPUT
*** Testing DateTime::setISODate () : error conditions ***

-- Testing DateTime::setISODate() function with zero arguments --

Warning: DateTime::setISODate() expects at least 2 parameters, 0 given in %s on line %d
bool(false)

-- Testing DateTime::setISODate() function with less than expected no. of arguments --

Warning: DateTime::setISODate() expects at least 2 parameters, 1 given in %s on line %d
bool(false)

-- Testing date_isodate_set() function with more than expected no. of arguments --

Warning: DateTime::setISODate() expects at most 3 parameters, 4 given in %s on line %d
bool(false)
===DONE===
---- ACTUAL OUTPUT
Failed loading /opt/php-7.1/lib/php/extensions/debug-non-zts-20160303/xdebug.so:  /opt/php-7.1/lib/php/extensions/debug-non-zts-20160303/xdebug.so: cannot open shared object file: No such file or directory
*** Testing DateTime::setISODate () : error conditions ***

-- Testing DateTime::setISODate() function with zero arguments --

Warning: DateTime::setISODate() expects at least 2 parameters, 0 given in /root/php-src/ext/date/tests/DateTime_setISODate_error.php on line 17
bool(false)

-- Testing DateTime::setISODate() function with less than expected no. of arguments --

Warning: DateTime::setISODate() expects at least 2 parameters, 1 given in /root/php-src/ext/date/tests/DateTime_setISODate_error.php on line 21
bool(false)

-- Testing date_isodate_set() function with more than expected no. of arguments --

Warning: DateTime::setISODate() expects at most 3 parameters, 4 given in /root/php-src/ext/date/tests/DateTime_setISODate_error.php on line 27
bool(false)
===DONE===
---- FAILED
