
---- EXPECTED OUTPUT
*** Testing date_sunset() : error conditions ***

-- Testing date_sunset() function with Zero arguments --

Warning: date_sunset() expects at least 1 parameter, 0 given in %s on line %d
bool(false)

-- Testing date_sunset() function with more than expected no. of arguments --

Warning: date_sunset() expects at most 6 parameters, 7 given in %s on line %d
bool(false)

Warning: date_sunset() expects at most 6 parameters, 7 given in %s on line %d
bool(false)

Warning: date_sunset() expects at most 6 parameters, 7 given in %s on line %d
bool(false)
===DONE===
---- ACTUAL OUTPUT
Failed loading /opt/php-7.1/lib/php/extensions/debug-non-zts-20160303/xdebug.so:  /opt/php-7.1/lib/php/extensions/debug-non-zts-20160303/xdebug.so: cannot open shared object file: No such file or directory
*** Testing date_sunset() : error conditions ***

-- Testing date_sunset() function with Zero arguments --

Warning: date_sunset() expects at least 1 parameter, 0 given in /root/php-src/ext/date/tests/date_sunset_error.php on line 20
bool(false)

-- Testing date_sunset() function with more than expected no. of arguments --

Warning: date_sunset() expects at most 6 parameters, 7 given in /root/php-src/ext/date/tests/date_sunset_error.php on line 24
bool(false)

Warning: date_sunset() expects at most 6 parameters, 7 given in /root/php-src/ext/date/tests/date_sunset_error.php on line 25
bool(false)

Warning: date_sunset() expects at most 6 parameters, 7 given in /root/php-src/ext/date/tests/date_sunset_error.php on line 26
bool(false)
===DONE===
---- FAILED
