
---- EXPECTED OUTPUT
*** Testing DateTime::format() : error conditions ***

-- Testing date_date_formatcreate() function with zero arguments --

Warning: DateTime::format() expects exactly 1 parameter, 0 given in %s on line %d
bool(false)

-- Testing date_date_formatcreate() function with more than expected no. of arguments --

Warning: DateTime::format() expects exactly 1 parameter, 2 given in %s on line %d
bool(false)
===DONE===
---- ACTUAL OUTPUT
Failed loading /opt/php-7.1/lib/php/extensions/debug-non-zts-20160303/xdebug.so:  /opt/php-7.1/lib/php/extensions/debug-non-zts-20160303/xdebug.so: cannot open shared object file: No such file or directory
*** Testing DateTime::format() : error conditions ***

-- Testing date_date_formatcreate() function with zero arguments --

Warning: DateTime::format() expects exactly 1 parameter, 0 given in /root/php-src/ext/date/tests/DateTime_format_error.php on line 17
bool(false)

-- Testing date_date_formatcreate() function with more than expected no. of arguments --

Warning: DateTime::format() expects exactly 1 parameter, 2 given in /root/php-src/ext/date/tests/DateTime_format_error.php on line 22
bool(false)
===DONE===
---- FAILED
