
---- EXPECTED OUTPUT
*** Testing date_date_set() : error conditions ***

-- Testing date_date_set() function with zero arguments --

Warning: date_date_set() expects exactly 4 parameters, 0 given in %s on line %d
bool(false)

-- Testing date_date_set() function with less than expected no. of arguments --

Warning: date_date_set() expects exactly 4 parameters, 1 given in %s on line %d
bool(false)

Warning: date_date_set() expects exactly 4 parameters, 2 given in %s on line %d
bool(false)

Warning: date_date_set() expects exactly 4 parameters, 3 given in %s on line %d
bool(false)

-- Testing date_date_set() function with more than expected no. of arguments --

Warning: date_date_set() expects exactly 4 parameters, 5 given in %s on line %d
bool(false)
===DONE===
---- ACTUAL OUTPUT
Failed loading /opt/php-7.1/lib/php/extensions/debug-non-zts-20160303/xdebug.so:  /opt/php-7.1/lib/php/extensions/debug-non-zts-20160303/xdebug.so: cannot open shared object file: No such file or directory
*** Testing date_date_set() : error conditions ***

-- Testing date_date_set() function with zero arguments --

Warning: date_date_set() expects exactly 4 parameters, 0 given in /root/php-src/ext/date/tests/date_date_set_error.php on line 13
bool(false)

-- Testing date_date_set() function with less than expected no. of arguments --

Warning: date_date_set() expects exactly 4 parameters, 1 given in /root/php-src/ext/date/tests/date_date_set_error.php on line 20
bool(false)

Warning: date_date_set() expects exactly 4 parameters, 2 given in /root/php-src/ext/date/tests/date_date_set_error.php on line 21
bool(false)

Warning: date_date_set() expects exactly 4 parameters, 3 given in /root/php-src/ext/date/tests/date_date_set_error.php on line 22
bool(false)

-- Testing date_date_set() function with more than expected no. of arguments --

Warning: date_date_set() expects exactly 4 parameters, 5 given in /root/php-src/ext/date/tests/date_date_set_error.php on line 26
bool(false)
===DONE===
---- FAILED
