
---- EXPECTED OUTPUT
*** Testing date_create() : error conditions ***

-- Testing date_create() function with more than expected no. of arguments --

Warning: date_create() expects at most 2 parameters, 3 given in %s on line %d
bool(false)
===DONE===
---- ACTUAL OUTPUT
Failed loading /opt/php-7.1/lib/php/extensions/debug-non-zts-20160303/xdebug.so:  /opt/php-7.1/lib/php/extensions/debug-non-zts-20160303/xdebug.so: cannot open shared object file: No such file or directory
*** Testing date_create() : error conditions ***

-- Testing date_create() function with more than expected no. of arguments --

Warning: date_create() expects at most 2 parameters, 3 given in /root/php-src/ext/date/tests/date_create_error.php on line 14
bool(false)
===DONE===
---- FAILED
