
---- EXPECTED OUTPUT
*** Testing DateTimeZone() : error conditions ***

-- Testing new DateTimeZone() with more than expected no. of arguments --
DateTimeZone::__construct() expects exactly 1 parameter, 2 given
===DONE===
---- ACTUAL OUTPUT
Failed loading /opt/php-7.1/lib/php/extensions/debug-non-zts-20160303/xdebug.so:  /opt/php-7.1/lib/php/extensions/debug-non-zts-20160303/xdebug.so: cannot open shared object file: No such file or directory
*** Testing DateTimeZone() : error conditions ***

-- Testing new DateTimeZone() with more than expected no. of arguments --
DateTimeZone::__construct() expects exactly 1 parameter, 2 given
===DONE===
---- FAILED
