
---- EXPECTED OUTPUT
*** Testing DateTime::setTime() : error conditions ***

-- Testing DateTime::setTime() function with zero arguments --

Warning: DateTime::setTime() expects at least 2 parameters, 0 given in %s on line %d
bool(false)

-- Testing DateTime::setTime() function with less than expected no. of arguments --

Warning: DateTime::setTime() expects at least 2 parameters, 1 given in %s on line %d
bool(false)

-- Testing DateTime::setTime() function with more than expected no. of arguments --

Warning: DateTime::setTime() expects at most 4 parameters, 5 given in %s on line %d
bool(false)
===DONE===
---- ACTUAL OUTPUT
Failed loading /opt/php-7.1/lib/php/extensions/debug-non-zts-20160303/xdebug.so:  /opt/php-7.1/lib/php/extensions/debug-non-zts-20160303/xdebug.so: cannot open shared object file: No such file or directory
*** Testing DateTime::setTime() : error conditions ***

-- Testing DateTime::setTime() function with zero arguments --

Warning: DateTime::setTime() expects at least 2 parameters, 0 given in /root/php-src/ext/date/tests/DateTime_setTime_error.php on line 15
bool(false)

-- Testing DateTime::setTime() function with less than expected no. of arguments --

Warning: DateTime::setTime() expects at least 2 parameters, 1 given in /root/php-src/ext/date/tests/DateTime_setTime_error.php on line 19
bool(false)

-- Testing DateTime::setTime() function with more than expected no. of arguments --

Warning: DateTime::setTime() expects at most 4 parameters, 5 given in /root/php-src/ext/date/tests/DateTime_setTime_error.php on line 26
bool(false)
===DONE===
---- FAILED
