
---- EXPECTED OUTPUT
*** Testing localtime() : error conditions ***

-- Testing localtime() function with more than expected no. of arguments --

Warning: localtime() expects at most 2 parameters, 3 given in %s on line %d
bool(false)
===DONE===
---- ACTUAL OUTPUT
Failed loading /opt/php-7.1/lib/php/extensions/debug-non-zts-20160303/xdebug.so:  /opt/php-7.1/lib/php/extensions/debug-non-zts-20160303/xdebug.so: cannot open shared object file: No such file or directory
*** Testing localtime() : error conditions ***

-- Testing localtime() function with more than expected no. of arguments --

Warning: localtime() expects at most 2 parameters, 3 given in /root/php-src/ext/date/tests/localtime_error.php on line 18
bool(false)
===DONE===
---- FAILED
