
---- EXPECTED OUTPUT
*** Testing chdir() : error conditions ***

-- Testing chdir() function with Zero arguments --

Warning: chdir() expects exactly 1 parameter, 0 given in %s on line %d
bool(false)

-- Testing chdir() function with more than expected no. of arguments --

Warning: chdir() expects exactly 1 parameter, 2 given in %s on line %d
bool(false)
===DONE===
---- ACTUAL OUTPUT
Failed loading /opt/php-7.1/lib/php/extensions/debug-non-zts-20160303/xdebug.so:  /opt/php-7.1/lib/php/extensions/debug-non-zts-20160303/xdebug.so: cannot open shared object file: No such file or directory
*** Testing chdir() : error conditions ***

-- Testing chdir() function with Zero arguments --

Warning: chdir() expects exactly 1 parameter, 0 given in /root/php-src/ext/standard/tests/dir/chdir_error1.php on line 15
bool(false)

-- Testing chdir() function with more than expected no. of arguments --

Warning: chdir() expects exactly 1 parameter, 2 given in /root/php-src/ext/standard/tests/dir/chdir_error1.php on line 21
bool(false)
===DONE===
---- FAILED
