
---- EXPECTED OUTPUT
*** Testing closedir() : error conditions ***

-- Testing closedir() function with more than expected no. of arguments --

Warning: closedir() expects at most 1 parameter, 2 given in %s on line %d
NULL
===DONE===
---- ACTUAL OUTPUT
Failed loading /opt/php-7.1/lib/php/extensions/debug-non-zts-20160303/xdebug.so:  /opt/php-7.1/lib/php/extensions/debug-non-zts-20160303/xdebug.so: cannot open shared object file: No such file or directory
*** Testing closedir() : error conditions ***

-- Testing closedir() function with more than expected no. of arguments --

Warning: closedir() expects at most 1 parameter, 2 given in /root/php-src/ext/standard/tests/dir/closedir_error.php on line 23
NULL
===DONE===
---- FAILED
