
---- EXPECTED OUTPUT
*** Testing opendir() : error conditions ***

-- Testing opendir() function with Zero arguments --

Warning: opendir() expects at least 1 parameter, 0 given in %s on line %d
NULL

-- Testing opendir() function with more than expected no. of arguments --

Warning: opendir() expects at most 2 parameters, 3 given in %s on line %d
NULL
===DONE===
---- ACTUAL OUTPUT
Failed loading /opt/php-7.1/lib/php/extensions/debug-non-zts-20160303/xdebug.so:  /opt/php-7.1/lib/php/extensions/debug-non-zts-20160303/xdebug.so: cannot open shared object file: No such file or directory
*** Testing opendir() : error conditions ***

-- Testing opendir() function with Zero arguments --

Warning: opendir() expects at least 1 parameter, 0 given in /root/php-src/ext/standard/tests/dir/opendir_error1.php on line 15
NULL

-- Testing opendir() function with more than expected no. of arguments --

Warning: opendir() expects at most 2 parameters, 3 given in /root/php-src/ext/standard/tests/dir/opendir_error1.php on line 24
NULL
===DONE===
---- FAILED
