
---- EXPECTED OUTPUT
*** Testing mb_ereg_match() : error conditions ***

-- Testing mb_ereg_match() function with more than expected no. of arguments --

Warning: mb_ereg_match() expects at most 3 parameters, 4 given in %s on line %d
bool(false)

-- Testing mb_ereg_match() function with less than expected no. of arguments --

Warning: mb_ereg_match() expects at least 2 parameters, 1 given in %s on line %d
bool(false)

-- Testing mb_ereg_match() function with zero arguments --

Warning: mb_ereg_match() expects at least 2 parameters, 0 given in %s on line %d
bool(false)
Done
---- ACTUAL OUTPUT
Failed loading /opt/php-7.1/lib/php/extensions/debug-non-zts-20160303/xdebug.so:  /opt/php-7.1/lib/php/extensions/debug-non-zts-20160303/xdebug.so: cannot open shared object file: No such file or directory
*** Testing mb_ereg_match() : error conditions ***

-- Testing mb_ereg_match() function with more than expected no. of arguments --

Warning: mb_ereg_match() expects at most 3 parameters, 4 given in /root/php-src/ext/mbstring/tests/mb_ereg_match_error1.php on line 20
bool(false)

-- Testing mb_ereg_match() function with less than expected no. of arguments --

Warning: mb_ereg_match() expects at least 2 parameters, 1 given in /root/php-src/ext/mbstring/tests/mb_ereg_match_error1.php on line 25
bool(false)

-- Testing mb_ereg_match() function with zero arguments --

Warning: mb_ereg_match() expects at least 2 parameters, 0 given in /root/php-src/ext/mbstring/tests/mb_ereg_match_error1.php on line 29
bool(false)
Done
---- FAILED
