
---- EXPECTED OUTPUT
*** Testing mb_strstr() : error conditions ***

-- Testing mb_strstr() function with more than expected no. of arguments --

Warning: mb_strstr() expects at most 4 parameters, 5 given in %s on line %d
NULL

-- Testing mb_strstr() function with less than expected no. of arguments --

Warning: mb_strstr() expects at least 2 parameters, 1 given in %s on line %d
NULL
===DONE===
---- ACTUAL OUTPUT
Failed loading /opt/php-7.1/lib/php/extensions/debug-non-zts-20160303/xdebug.so:  /opt/php-7.1/lib/php/extensions/debug-non-zts-20160303/xdebug.so: cannot open shared object file: No such file or directory
*** Testing mb_strstr() : error conditions ***

-- Testing mb_strstr() function with more than expected no. of arguments --

Warning: mb_strstr() expects at most 4 parameters, 5 given in /root/php-src/ext/mbstring/tests/mb_strstr_error1.php on line 18
NULL

-- Testing mb_strstr() function with less than expected no. of arguments --

Warning: mb_strstr() expects at least 2 parameters, 1 given in /root/php-src/ext/mbstring/tests/mb_strstr_error1.php on line 23
NULL
===DONE===
---- FAILED
