
---- EXPECTED OUTPUT
*** Testing mb_strlen() : error conditions ***

-- Testing mb_strlen() function with Zero arguments --

Warning: mb_strlen() expects at least 1 parameter, 0 given in %s on line %d
NULL

-- Testing mb_strlen() function with more than expected no. of arguments --

Warning: mb_strlen() expects at most 2 parameters, 3 given in %s on line %d
NULL
Done
---- ACTUAL OUTPUT
Failed loading /opt/php-7.1/lib/php/extensions/debug-non-zts-20160303/xdebug.so:  /opt/php-7.1/lib/php/extensions/debug-non-zts-20160303/xdebug.so: cannot open shared object file: No such file or directory
*** Testing mb_strlen() : error conditions ***

-- Testing mb_strlen() function with Zero arguments --

Warning: mb_strlen() expects at least 1 parameter, 0 given in /root/php-src/ext/mbstring/tests/mb_strlen_error1.php on line 15
NULL

-- Testing mb_strlen() function with more than expected no. of arguments --

Warning: mb_strlen() expects at most 2 parameters, 3 given in /root/php-src/ext/mbstring/tests/mb_strlen_error1.php on line 22
NULL
Done
---- FAILED
