
---- EXPECTED OUTPUT
*** Testing mb_split() : error conditions ***

-- Testing mb_split() function with more than expected no. of arguments --

Warning: mb_split() expects at most 3 parameters, 4 given in %s on line %d
bool(false)

-- Testing mb_split() function with less than expected no. of arguments --

Warning: mb_split() expects at least 2 parameters, 1 given in %s on line %d
bool(false)
Done
---- ACTUAL OUTPUT
Failed loading /opt/php-7.1/lib/php/extensions/debug-non-zts-20160303/xdebug.so:  /opt/php-7.1/lib/php/extensions/debug-non-zts-20160303/xdebug.so: cannot open shared object file: No such file or directory
*** Testing mb_split() : error conditions ***

-- Testing mb_split() function with more than expected no. of arguments --

Warning: mb_split() expects at most 3 parameters, 4 given in /root/php-src/ext/mbstring/tests/mb_split_error.php on line 21
bool(false)

-- Testing mb_split() function with less than expected no. of arguments --

Warning: mb_split() expects at least 2 parameters, 1 given in /root/php-src/ext/mbstring/tests/mb_split_error.php on line 26
bool(false)
Done
---- FAILED
