
---- EXPECTED OUTPUT
*** Testing finfo_buffer() : error conditions ***

-- Testing finfo_buffer() function with more than expected no. of arguments --

Warning: finfo_buffer() expects at most 4 parameters, 5 given in %s on line %d
bool(false)

-- Testing finfo_buffer() function with less than expected no. of arguments --

Warning: finfo_buffer() expects at least 2 parameters, 1 given in %s on line %d
bool(false)
===DONE===
---- ACTUAL OUTPUT
Failed loading /opt/php-7.1/lib/php/extensions/debug-non-zts-20160303/xdebug.so:  /opt/php-7.1/lib/php/extensions/debug-non-zts-20160303/xdebug.so: cannot open shared object file: No such file or directory
*** Testing finfo_buffer() : error conditions ***

-- Testing finfo_buffer() function with more than expected no. of arguments --

Warning: finfo_buffer() expects at most 4 parameters, 5 given in /root/php-src/ext/fileinfo/tests/finfo_buffer_error.php on line 19
bool(false)

-- Testing finfo_buffer() function with less than expected no. of arguments --

Warning: finfo_buffer() expects at least 2 parameters, 1 given in /root/php-src/ext/fileinfo/tests/finfo_buffer_error.php on line 24
bool(false)
===DONE===
---- FAILED
