
---- EXPECTED OUTPUT
Testing gethostbyaddr : error conditions

-- Testing gethostbyaddr function with Zero arguments --

Warning: gethostbyaddr\(\) expects exactly 1 parameter, 0 given in .* on line \d+
NULL

-- Testing gethostbyaddr function with more than expected no. of arguments --

Warning: gethostbyaddr\(\) expects exactly 1 parameter, 2 given in .* on line \d+
NULL

-- Testing gethostbyaddr function with invalid addresses --

Warning: gethostbyaddr\(\): Address is not (in a.b.c.d form|a valid IPv4 or IPv6 address) in .* on line \d+
bool\(false\)

Warning: gethostbyaddr\(\): Address is not (in a.b.c.d form|a valid IPv4 or IPv6 address) in .* on line \d+
bool\(false\)

Warning: gethostbyaddr\(\): Address is not (in a.b.c.d form|a valid IPv4 or IPv6 address) in .* on line \d+
bool\(false\)
Done
---- ACTUAL OUTPUT
Failed loading /opt/php-7.1/lib/php/extensions/debug-non-zts-20160303/xdebug.so:  /opt/php-7.1/lib/php/extensions/debug-non-zts-20160303/xdebug.so: cannot open shared object file: No such file or directory
Testing gethostbyaddr : error conditions

-- Testing gethostbyaddr function with Zero arguments --

Warning: gethostbyaddr() expects exactly 1 parameter, 0 given in /root/php-src/ext/standard/tests/network/gethostbyaddr_error.php on line 13
NULL

-- Testing gethostbyaddr function with more than expected no. of arguments --

Warning: gethostbyaddr() expects exactly 1 parameter, 2 given in /root/php-src/ext/standard/tests/network/gethostbyaddr_error.php on line 19
NULL

-- Testing gethostbyaddr function with invalid addresses --

Warning: gethostbyaddr(): Address is not a valid IPv4 or IPv6 address in /root/php-src/ext/standard/tests/network/gethostbyaddr_error.php on line 24
bool(false)

Warning: gethostbyaddr(): Address is not a valid IPv4 or IPv6 address in /root/php-src/ext/standard/tests/network/gethostbyaddr_error.php on line 27
bool(false)

Warning: gethostbyaddr(): Address is not a valid IPv4 or IPv6 address in /root/php-src/ext/standard/tests/network/gethostbyaddr_error.php on line 30
bool(false)
Done
---- FAILED
