
---- EXPECTED OUTPUT
*** Testing gethostbynamel() : error conditions ***

-- Testing gethostbynamel() function with Zero arguments --

Warning: gethostbynamel() expects exactly 1 parameter, 0 given in %s on line %d
NULL

-- Testing gethostbynamel() function with more than expected no. of arguments --

Warning: gethostbynamel() expects exactly 1 parameter, 2 given in %s on line %d
NULL
Done
---- ACTUAL OUTPUT
Failed loading /opt/php-7.1/lib/php/extensions/debug-non-zts-20160303/xdebug.so:  /opt/php-7.1/lib/php/extensions/debug-non-zts-20160303/xdebug.so: cannot open shared object file: No such file or directory
*** Testing gethostbynamel() : error conditions ***

-- Testing gethostbynamel() function with Zero arguments --

Warning: gethostbynamel() expects exactly 1 parameter, 0 given in /root/php-src/ext/standard/tests/network/gethostbynamel_error.php on line 12
NULL

-- Testing gethostbynamel() function with more than expected no. of arguments --

Warning: gethostbynamel() expects exactly 1 parameter, 2 given in /root/php-src/ext/standard/tests/network/gethostbynamel_error.php on line 18
NULL
Done
---- FAILED
