
---- EXPECTED OUTPUT
*** Testing iconv_strpos() : error conditions ***

-- Testing iconv_strpos() function with more than expected no. of arguments --

Warning: iconv_strpos() expects at most 4 parameters, 5 given in %s on line %d
bool(false)

-- Testing iconv_strpos() function with less than expected no. of arguments --

Warning: iconv_strpos() expects at least 2 parameters, 1 given in %s on line %d
bool(false)
Done
---- ACTUAL OUTPUT
Failed loading /opt/php-7.1/lib/php/extensions/debug-non-zts-20160303/xdebug.so:  /opt/php-7.1/lib/php/extensions/debug-non-zts-20160303/xdebug.so: cannot open shared object file: No such file or directory
*** Testing iconv_strpos() : error conditions ***

-- Testing iconv_strpos() function with more than expected no. of arguments --

Warning: iconv_strpos() expects at most 4 parameters, 5 given in /root/php-src/ext/iconv/tests/iconv_strpos_error1.php on line 21
bool(false)

-- Testing iconv_strpos() function with less than expected no. of arguments --

Warning: iconv_strpos() expects at least 2 parameters, 1 given in /root/php-src/ext/iconv/tests/iconv_strpos_error1.php on line 26
bool(false)
Done
---- FAILED
