
---- EXPECTED OUTPUT
Warning: ReflectionClass::isSubclassOf() expects exactly 1 parameter, 0 given in %s on line 5
NULL

Warning: ReflectionClass::isSubclassOf() expects exactly 1 parameter, 2 given in %s on line 6
NULL

Fatal error: Uncaught ReflectionException: Class X does not exist in %s:7
Stack trace:
#0 %s(7): ReflectionClass->isSubclassOf('X')
#1 {main}
  thrown in %s on line 7
---- ACTUAL OUTPUT
Failed loading /opt/php-7.1/lib/php/extensions/debug-non-zts-20160303/xdebug.so:  /opt/php-7.1/lib/php/extensions/debug-non-zts-20160303/xdebug.so: cannot open shared object file: No such file or directory

Warning: ReflectionClass::isSubclassOf() expects exactly 1 parameter, 0 given in /root/php-src/ext/reflection/tests/ReflectionObject_isSubclassOf_error.php on line 5
NULL

Warning: ReflectionClass::isSubclassOf() expects exactly 1 parameter, 2 given in /root/php-src/ext/reflection/tests/ReflectionObject_isSubclassOf_error.php on line 6
NULL

Fatal error: Uncaught ReflectionException: Class X does not exist in /root/php-src/ext/reflection/tests/ReflectionObject_isSubclassOf_error.php:7
Stack trace:
#0 /root/php-src/ext/reflection/tests/ReflectionObject_isSubclassOf_error.php(7): ReflectionClass->isSubclassOf('X')
#1 {main}
  thrown in /root/php-src/ext/reflection/tests/ReflectionObject_isSubclassOf_error.php on line 7
---- FAILED
