
---- EXPECTED OUTPUT
Wrong number of parameters:

Warning: ReflectionMethod::invokeArgs() expects exactly 2 parameters, 0 given in %s on line %d
NULL

Warning: ReflectionMethod::invokeArgs() expects exactly 2 parameters, 1 given in %s on line %d
NULL

Non-instance:
string(72) "Given object is not an instance of the class this method was declared in"

Non-object:

Warning: ReflectionMethod::invokeArgs() expects parameter 1 to be object, boolean given in %s on line %d
NULL

Static method:

Warning: ReflectionMethod::invokeArgs() expects exactly 2 parameters, 0 given in %s on line %d
NULL

Warning: ReflectionMethod::invokeArgs() expects exactly 2 parameters, 1 given in %s on line %d
NULL

Warning: ReflectionMethod::invokeArgs() expects parameter 1 to be object, boolean given in %s on line %d
NULL
Called staticMethod()
Exception: Using $this when not in object context
NULL

Private method:
string(86) "Trying to invoke private method TestClass::privateMethod() from scope ReflectionMethod"

Abstract method:
string(53) "Trying to invoke abstract method AbstractClass::foo()"
string(53) "Trying to invoke abstract method AbstractClass::foo()"
---- ACTUAL OUTPUT
Failed loading /opt/php-7.1/lib/php/extensions/debug-non-zts-20160303/xdebug.so:  /opt/php-7.1/lib/php/extensions/debug-non-zts-20160303/xdebug.so: cannot open shared object file: No such file or directory
Wrong number of parameters:

Warning: ReflectionMethod::invokeArgs() expects exactly 2 parameters, 0 given in /root/php-src/ext/reflection/tests/ReflectionMethod_invokeArgs_error3.php on line 38
NULL

Warning: ReflectionMethod::invokeArgs() expects exactly 2 parameters, 1 given in /root/php-src/ext/reflection/tests/ReflectionMethod_invokeArgs_error3.php on line 39
NULL

Non-instance:
string(72) "Given object is not an instance of the class this method was declared in"

Non-object:

Warning: ReflectionMethod::invokeArgs() expects parameter 1 to be object, boolean given in /root/php-src/ext/reflection/tests/ReflectionMethod_invokeArgs_error3.php on line 49
NULL

Static method:

Warning: ReflectionMethod::invokeArgs() expects exactly 2 parameters, 0 given in /root/php-src/ext/reflection/tests/ReflectionMethod_invokeArgs_error3.php on line 53
NULL

Warning: ReflectionMethod::invokeArgs() expects exactly 2 parameters, 1 given in /root/php-src/ext/reflection/tests/ReflectionMethod_invokeArgs_error3.php on line 54
NULL

Warning: ReflectionMethod::invokeArgs() expects parameter 1 to be object, boolean given in /root/php-src/ext/reflection/tests/ReflectionMethod_invokeArgs_error3.php on line 55
NULL
Called staticMethod()
Exception: Using $this when not in object context
NULL

Private method:
string(86) "Trying to invoke private method TestClass::privateMethod() from scope ReflectionMethod"

Abstract method:
string(53) "Trying to invoke abstract method AbstractClass::foo()"
string(53) "Trying to invoke abstract method AbstractClass::foo()"
---- FAILED
