
---- EXPECTED OUTPUT
*** Testing ReflectionFunction::getClosure() : error conditions ***

Warning: ReflectionFunction::getClosure() expects exactly 0 parameters, 1 given in %s on line %d
===DONE===
---- ACTUAL OUTPUT
Failed loading /opt/php-7.1/lib/php/extensions/debug-non-zts-20160303/xdebug.so:  /opt/php-7.1/lib/php/extensions/debug-non-zts-20160303/xdebug.so: cannot open shared object file: No such file or directory
*** Testing ReflectionFunction::getClosure() : error conditions ***

Warning: ReflectionFunction::getClosure() expects exactly 0 parameters, 1 given in /root/php-src/ext/reflection/tests/ReflectionFunction_getClosure_error.php on line 16
===DONE===
---- FAILED
