
---- EXPECTED OUTPUT
*** Testing curl_version() : error conditions ***

-- Testing curl_version() function with more than expected no. of arguments --

Warning: curl_version() expects at most 1 parameter, 2 given in %s on line %d
NULL
===Done===
---- ACTUAL OUTPUT
Failed loading /opt/php-7.1/lib/php/extensions/debug-non-zts-20160303/xdebug.so:  /opt/php-7.1/lib/php/extensions/debug-non-zts-20160303/xdebug.so: cannot open shared object file: No such file or directory
*** Testing curl_version() : error conditions ***

-- Testing curl_version() function with more than expected no. of arguments --

Warning: curl_version() expects at most 1 parameter, 2 given in /root/php-src/ext/curl/tests/curl_version_error.php on line 12
NULL
===Done===
---- FAILED
