
---- EXPECTED OUTPUT
*** Testing json_encode() : error conditions ***

-- Testing json_encode() function with no arguments --

Warning: json_encode() expects at least 1 parameter, 0 given in %s on line %d
NULL

-- Testing json_encode() function with more than expected no. of arguments --
string(5) ""abc""
===Done===
---- ACTUAL OUTPUT
Failed loading /opt/php-7.1/lib/php/extensions/debug-non-zts-20160303/xdebug.so:  /opt/php-7.1/lib/php/extensions/debug-non-zts-20160303/xdebug.so: cannot open shared object file: No such file or directory
*** Testing json_encode() : error conditions ***

-- Testing json_encode() function with no arguments --

Warning: json_encode() expects at least 1 parameter, 0 given in /root/php-src/ext/json/tests/json_encode_error.php on line 5
NULL

-- Testing json_encode() function with more than expected no. of arguments --
string(5) ""abc""
===Done===
---- FAILED
