
---- EXPECTED OUTPUT
*** Testing ctype_alpha() : error conditions ***

-- Testing ctype_alpha() function with Zero arguments --

Warning: ctype_alpha() expects exactly 1 parameter, 0 given in %s on line %d
NULL

-- Testing ctype_alpha() function with more than expected no. of arguments --

Warning: ctype_alpha() expects exactly 1 parameter, 2 given in %s on line %d
NULL
===DONE===
---- ACTUAL OUTPUT
Failed loading /opt/php-7.1/lib/php/extensions/debug-non-zts-20160303/xdebug.so:  /opt/php-7.1/lib/php/extensions/debug-non-zts-20160303/xdebug.so: cannot open shared object file: No such file or directory
*** Testing ctype_alpha() : error conditions ***

-- Testing ctype_alpha() function with Zero arguments --

Warning: ctype_alpha() expects exactly 1 parameter, 0 given in /root/php-src/ext/ctype/tests/ctype_alpha_error.php on line 15
NULL

-- Testing ctype_alpha() function with more than expected no. of arguments --

Warning: ctype_alpha() expects exactly 1 parameter, 2 given in /root/php-src/ext/ctype/tests/ctype_alpha_error.php on line 21
NULL
===DONE===
---- FAILED
