
---- EXPECTED OUTPUT
*** Testing session_set_save_handler() : error functionality ***

Warning: session_set_save_handler(): Argument 2 is not a valid callback in %s on line %d

Warning: session_set_save_handler(): Argument 3 is not a valid callback in %s on line %d

Warning: session_set_save_handler(): Argument 4 is not a valid callback in %s on line %d

Warning: session_set_save_handler(): Argument 5 is not a valid callback in %s on line %d

Warning: session_set_save_handler(): Argument 6 is not a valid callback in %s on line %d

Warning: session_start(): Failed to read session data: user (%s) in %s on line %d
bool(false)
---- ACTUAL OUTPUT
Failed loading /opt/php-7.1/lib/php/extensions/debug-non-zts-20160303/xdebug.so:  /opt/php-7.1/lib/php/extensions/debug-non-zts-20160303/xdebug.so: cannot open shared object file: No such file or directory
*** Testing session_set_save_handler() : error functionality ***

Warning: session_set_save_handler(): Argument 2 is not a valid callback in /root/php-src/ext/session/tests/session_set_save_handler_error4.php on line 16

Warning: session_set_save_handler(): Argument 3 is not a valid callback in /root/php-src/ext/session/tests/session_set_save_handler_error4.php on line 17

Warning: session_set_save_handler(): Argument 4 is not a valid callback in /root/php-src/ext/session/tests/session_set_save_handler_error4.php on line 18

Warning: session_set_save_handler(): Argument 5 is not a valid callback in /root/php-src/ext/session/tests/session_set_save_handler_error4.php on line 19

Warning: session_set_save_handler(): Argument 6 is not a valid callback in /root/php-src/ext/session/tests/session_set_save_handler_error4.php on line 20

Warning: session_start(): Failed to read session data: user (path: ) in /root/php-src/ext/session/tests/session_set_save_handler_error4.php on line 22
bool(false)
---- FAILED
