
---- EXPECTED OUTPUT
*** Testing session_module_name() : error functionality ***

-- Iteration 1 --

Warning: session_module_name(): Cannot find named PHP session module (0) in %s on line %d
bool(false)

-- Iteration 2 --

Warning: session_module_name(): Cannot find named PHP session module (1) in %s on line %d
bool(false)

-- Iteration 3 --

Warning: session_module_name(): Cannot find named PHP session module (12345) in %s on line %d
bool(false)

-- Iteration 4 --

Warning: session_module_name(): Cannot find named PHP session module (-2345) in %s on line %d
bool(false)

-- Iteration 5 --

Warning: session_module_name(): Cannot find named PHP session module (10.5) in %s on line %d
bool(false)

-- Iteration 6 --

Warning: session_module_name(): Cannot find named PHP session module (-10.5) in %s on line %d
bool(false)

-- Iteration 7 --

Warning: session_module_name(): Cannot find named PHP session module (123456789000) in %s on line %d
bool(false)

-- Iteration 8 --

Warning: session_module_name(): Cannot find named PHP session module (1.23456789E-9) in %s on line %d
bool(false)

-- Iteration 9 --

Warning: session_module_name(): Cannot find named PHP session module (0.5) in %s on line %d
bool(false)

-- Iteration 10 --

Warning: session_module_name(): Cannot find named PHP session module () in %s on line %d
bool(false)

-- Iteration 11 --

Warning: session_module_name(): Cannot find named PHP session module () in %s on line %d
bool(false)

-- Iteration 12 --

Warning: session_module_name(): Cannot find named PHP session module (1) in %s on line %d
bool(false)

-- Iteration 13 --

Warning: session_module_name(): Cannot find named PHP session module () in %s on line %d
bool(false)

-- Iteration 14 --

Warning: session_module_name(): Cannot find named PHP session module (1) in %s on line %d
bool(false)

-- Iteration 15 --

Warning: session_module_name(): Cannot find named PHP session module () in %s on line %d
bool(false)

-- Iteration 16 --

Warning: session_module_name(): Cannot find named PHP session module () in %s on line %d
bool(false)

-- Iteration 17 --

Warning: session_module_name(): Cannot find named PHP session module () in %s on line %d
bool(false)

-- Iteration 18 --

Warning: session_module_name(): Cannot find named PHP session module (Nothing) in %s on line %d
bool(false)

-- Iteration 19 --

Warning: session_module_name(): Cannot find named PHP session module (Nothing) in %s on line %d
bool(false)

-- Iteration 20 --

Warning: session_module_name(): Cannot find named PHP session module (Hello World!) in %s on line %d
bool(false)

-- Iteration 21 --

Warning: session_module_name(): Cannot find named PHP session module (Hello World!) in %s on line %d
bool(false)

-- Iteration 22 --

Warning: session_module_name(): Cannot find named PHP session module () in %s on line %d
bool(false)

-- Iteration 23 --

Warning: session_module_name(): Cannot find named PHP session module () in %s on line %d
bool(false)

-- Iteration 24 --

Warning: session_module_name() expects parameter 1 to be string, resource given in %s on line %d
NULL
Done
---- ACTUAL OUTPUT
Failed loading /opt/php-7.1/lib/php/extensions/debug-non-zts-20160303/xdebug.so:  /opt/php-7.1/lib/php/extensions/debug-non-zts-20160303/xdebug.so: cannot open shared object file: No such file or directory
*** Testing session_module_name() : error functionality ***

-- Iteration 1 --

Warning: session_module_name(): Cannot find named PHP session module (0) in /root/php-src/ext/session/tests/session_module_name_error.php on line 81
bool(false)

-- Iteration 2 --

Warning: session_module_name(): Cannot find named PHP session module (1) in /root/php-src/ext/session/tests/session_module_name_error.php on line 81
bool(false)

-- Iteration 3 --

Warning: session_module_name(): Cannot find named PHP session module (12345) in /root/php-src/ext/session/tests/session_module_name_error.php on line 81
bool(false)

-- Iteration 4 --

Warning: session_module_name(): Cannot find named PHP session module (-2345) in /root/php-src/ext/session/tests/session_module_name_error.php on line 81
bool(false)

-- Iteration 5 --

Warning: session_module_name(): Cannot find named PHP session module (10.5) in /root/php-src/ext/session/tests/session_module_name_error.php on line 81
bool(false)

-- Iteration 6 --

Warning: session_module_name(): Cannot find named PHP session module (-10.5) in /root/php-src/ext/session/tests/session_module_name_error.php on line 81
bool(false)

-- Iteration 7 --

Warning: session_module_name(): Cannot find named PHP session module (123456789000) in /root/php-src/ext/session/tests/session_module_name_error.php on line 81
bool(false)

-- Iteration 8 --

Warning: session_module_name(): Cannot find named PHP session module (1.23456789E-9) in /root/php-src/ext/session/tests/session_module_name_error.php on line 81
bool(false)

-- Iteration 9 --

Warning: session_module_name(): Cannot find named PHP session module (0.5) in /root/php-src/ext/session/tests/session_module_name_error.php on line 81
bool(false)

-- Iteration 10 --

Warning: session_module_name(): Cannot find named PHP session module () in /root/php-src/ext/session/tests/session_module_name_error.php on line 81
bool(false)

-- Iteration 11 --

Warning: session_module_name(): Cannot find named PHP session module () in /root/php-src/ext/session/tests/session_module_name_error.php on line 81
bool(false)

-- Iteration 12 --

Warning: session_module_name(): Cannot find named PHP session module (1) in /root/php-src/ext/session/tests/session_module_name_error.php on line 81
bool(false)

-- Iteration 13 --

Warning: session_module_name(): Cannot find named PHP session module () in /root/php-src/ext/session/tests/session_module_name_error.php on line 81
bool(false)

-- Iteration 14 --

Warning: session_module_name(): Cannot find named PHP session module (1) in /root/php-src/ext/session/tests/session_module_name_error.php on line 81
bool(false)

-- Iteration 15 --

Warning: session_module_name(): Cannot find named PHP session module () in /root/php-src/ext/session/tests/session_module_name_error.php on line 81
bool(false)

-- Iteration 16 --

Warning: session_module_name(): Cannot find named PHP session module () in /root/php-src/ext/session/tests/session_module_name_error.php on line 81
bool(false)

-- Iteration 17 --

Warning: session_module_name(): Cannot find named PHP session module () in /root/php-src/ext/session/tests/session_module_name_error.php on line 81
bool(false)

-- Iteration 18 --

Warning: session_module_name(): Cannot find named PHP session module (Nothing) in /root/php-src/ext/session/tests/session_module_name_error.php on line 81
bool(false)

-- Iteration 19 --

Warning: session_module_name(): Cannot find named PHP session module (Nothing) in /root/php-src/ext/session/tests/session_module_name_error.php on line 81
bool(false)

-- Iteration 20 --

Warning: session_module_name(): Cannot find named PHP session module (Hello World!) in /root/php-src/ext/session/tests/session_module_name_error.php on line 81
bool(false)

-- Iteration 21 --

Warning: session_module_name(): Cannot find named PHP session module (Hello World!) in /root/php-src/ext/session/tests/session_module_name_error.php on line 81
bool(false)

-- Iteration 22 --

Warning: session_module_name(): Cannot find named PHP session module () in /root/php-src/ext/session/tests/session_module_name_error.php on line 81
bool(false)

-- Iteration 23 --

Warning: session_module_name(): Cannot find named PHP session module () in /root/php-src/ext/session/tests/session_module_name_error.php on line 81
bool(false)

-- Iteration 24 --

Warning: session_module_name() expects parameter 1 to be string, resource given in /root/php-src/ext/session/tests/session_module_name_error.php on line 81
NULL
Done
---- FAILED
