
---- EXPECTED OUTPUT
Exception: Non-static method test::__call() cannot be called statically
Done

Fatal error: Non-static method test::__call() cannot be called statically in %s on line %d
---- ACTUAL OUTPUT
Failed loading /opt/php-7.1/lib/php/extensions/debug-non-zts-20160303/xdebug.so:  /opt/php-7.1/lib/php/extensions/debug-non-zts-20160303/xdebug.so: cannot open shared object file: No such file or directory

Exception: Non-static method test::__call() cannot be called statically
Done

Fatal error: Non-static method test::__call() cannot be called statically in Unknown on line 0
---- FAILED
