
---- EXPECTED OUTPUT
*** Testing floatval() and doubleval() : error conditions ***

-- Testing floatval() and doubleval() function with no arguments --

Warning: floatval() expects exactly 1 parameter, 0 given in %s on line %d
NULL

Warning: doubleval() expects exactly 1 parameter, 0 given in %s on line %d
NULL

-- Testing floatval() and doubleval() function with more than expected no. of arguments --

Warning: floatval() expects exactly 1 parameter, 2 given in %s on line %d
NULL

Warning: doubleval() expects exactly 1 parameter, 2 given in %s on line %d
NULL
===DONE===
---- ACTUAL OUTPUT
Failed loading /opt/php-7.1/lib/php/extensions/debug-non-zts-20160303/xdebug.so:  /opt/php-7.1/lib/php/extensions/debug-non-zts-20160303/xdebug.so: cannot open shared object file: No such file or directory
*** Testing floatval() and doubleval() : error conditions ***

-- Testing floatval() and doubleval() function with no arguments --

Warning: floatval() expects exactly 1 parameter, 0 given in /root/php-src/ext/standard/tests/general_functions/floatval_error.php on line 10
NULL

Warning: doubleval() expects exactly 1 parameter, 0 given in /root/php-src/ext/standard/tests/general_functions/floatval_error.php on line 11
NULL

-- Testing floatval() and doubleval() function with more than expected no. of arguments --

Warning: floatval() expects exactly 1 parameter, 2 given in /root/php-src/ext/standard/tests/general_functions/floatval_error.php on line 14
NULL

Warning: doubleval() expects exactly 1 parameter, 2 given in /root/php-src/ext/standard/tests/general_functions/floatval_error.php on line 15
NULL
===DONE===
---- FAILED
