
---- EXPECTED OUTPUT
**** Testing gettype() and settype() functions ****

*** Testing gettype(): error conditions ***

Warning: gettype() expects exactly 1 parameter, 0 given in %s on line %d
NULL

Warning: gettype() expects exactly 1 parameter, 2 given in %s on line %d
NULL

*** Testing settype(): error conditions ***

Warning: settype() expects exactly 2 parameters, 0 given in %s on line %d
NULL

Warning: settype() expects exactly 2 parameters, 3 given in %s on line %d
NULL

Warning: settype(): Invalid type in %s on line %d
bool(false)
Done
---- ACTUAL OUTPUT
Failed loading /opt/php-7.1/lib/php/extensions/debug-non-zts-20160303/xdebug.so:  /opt/php-7.1/lib/php/extensions/debug-non-zts-20160303/xdebug.so: cannot open shared object file: No such file or directory
**** Testing gettype() and settype() functions ****

*** Testing gettype(): error conditions ***

Warning: gettype() expects exactly 1 parameter, 0 given in /root/php-src/ext/standard/tests/general_functions/gettype_settype_error.php on line 15
NULL

Warning: gettype() expects exactly 1 parameter, 2 given in /root/php-src/ext/standard/tests/general_functions/gettype_settype_error.php on line 17
NULL

*** Testing settype(): error conditions ***

Warning: settype() expects exactly 2 parameters, 0 given in /root/php-src/ext/standard/tests/general_functions/gettype_settype_error.php on line 21
NULL

Warning: settype() expects exactly 2 parameters, 3 given in /root/php-src/ext/standard/tests/general_functions/gettype_settype_error.php on line 25
NULL

Warning: settype(): Invalid type in /root/php-src/ext/standard/tests/general_functions/gettype_settype_error.php on line 28
bool(false)
Done
---- FAILED
