
---- EXPECTED OUTPUT
*** Testing sleep() : error conditions ***

-- Testing sleep() function with zero arguments --

Warning: sleep() expects exactly 1 parameter, 0 given in %s on line %d
bool(false)

-- Testing sleep() function with more than expected no. of arguments --

Warning: sleep() expects exactly 1 parameter, 2 given in %s on line %d
bool(false)

-- Testing sleep() function with negative interval --

Warning: sleep(): Number of seconds must be greater than or equal to 0 in %s on line %d
bool(false)
===DONE===
---- ACTUAL OUTPUT
Failed loading /opt/php-7.1/lib/php/extensions/debug-non-zts-20160303/xdebug.so:  /opt/php-7.1/lib/php/extensions/debug-non-zts-20160303/xdebug.so: cannot open shared object file: No such file or directory
*** Testing sleep() : error conditions ***

-- Testing sleep() function with zero arguments --

Warning: sleep() expects exactly 1 parameter, 0 given in /root/php-src/ext/standard/tests/general_functions/sleep_error.php on line 11
bool(false)

-- Testing sleep() function with more than expected no. of arguments --

Warning: sleep() expects exactly 1 parameter, 2 given in /root/php-src/ext/standard/tests/general_functions/sleep_error.php on line 16
bool(false)

-- Testing sleep() function with negative interval --

Warning: sleep(): Number of seconds must be greater than or equal to 0 in /root/php-src/ext/standard/tests/general_functions/sleep_error.php on line 20
bool(false)
===DONE===
---- FAILED
