
---- EXPECTED OUTPUT
*** Testing array_key_exists() : error conditions ***

-- Testing array_key_exists() function with more than expected no. of arguments --

Warning: array_key_exists() expects exactly 2 parameters, 3 given in %s on line %d
NULL

-- Testing array_key_exists() function with less than expected no. of arguments --

Warning: array_key_exists() expects exactly 2 parameters, 1 given in %s on line %d
NULL
Done
---- ACTUAL OUTPUT
Failed loading /opt/php-7.1/lib/php/extensions/debug-non-zts-20160303/xdebug.so:  /opt/php-7.1/lib/php/extensions/debug-non-zts-20160303/xdebug.so: cannot open shared object file: No such file or directory
*** Testing array_key_exists() : error conditions ***

-- Testing array_key_exists() function with more than expected no. of arguments --

Warning: array_key_exists() expects exactly 2 parameters, 3 given in /root/php-src/ext/standard/tests/array/array_key_exists_error.php on line 19
NULL

-- Testing array_key_exists() function with less than expected no. of arguments --

Warning: array_key_exists() expects exactly 2 parameters, 1 given in /root/php-src/ext/standard/tests/array/array_key_exists_error.php on line 24
NULL
Done
---- FAILED
