
---- EXPECTED OUTPUT
*** Testing array_merge() : error conditions ***

-- Testing array_merge() function with less than expected no. of arguments --

Warning: array_merge() expects at least 1 parameter, 0 given in %s on line %d
NULL
Done
---- ACTUAL OUTPUT
Failed loading /opt/php-7.1/lib/php/extensions/debug-non-zts-20160303/xdebug.so:  /opt/php-7.1/lib/php/extensions/debug-non-zts-20160303/xdebug.so: cannot open shared object file: No such file or directory
*** Testing array_merge() : error conditions ***

-- Testing array_merge() function with less than expected no. of arguments --

Warning: array_merge() expects at least 1 parameter, 0 given in /root/php-src/ext/standard/tests/array/array_merge_error.php on line 16
NULL
Done
---- FAILED
