
---- EXPECTED OUTPUT
*** Testing array_flip() : error conditions ***
-- Testing array_flip() function with Zero arguments --

Warning: array_flip() expects exactly 1 parameter, 0 given in %s on line %d
NULL
-- Testing array_flip() function with more than expected no. of arguments --

Warning: array_flip() expects exactly 1 parameter, 2 given in %s on line %d
NULL
Done
---- ACTUAL OUTPUT
Failed loading /opt/php-7.1/lib/php/extensions/debug-non-zts-20160303/xdebug.so:  /opt/php-7.1/lib/php/extensions/debug-non-zts-20160303/xdebug.so: cannot open shared object file: No such file or directory
*** Testing array_flip() : error conditions ***
-- Testing array_flip() function with Zero arguments --

Warning: array_flip() expects exactly 1 parameter, 0 given in /root/php-src/ext/standard/tests/array/array_flip_error.php on line 11
NULL
-- Testing array_flip() function with more than expected no. of arguments --

Warning: array_flip() expects exactly 1 parameter, 2 given in /root/php-src/ext/standard/tests/array/array_flip_error.php on line 17
NULL
Done
---- FAILED
