
---- EXPECTED OUTPUT
*** Testing array_filter() : error conditions ***
-- Testing array_filter() function with Zero arguments --
Warning: array_filter() expects at least 1 parameter, 0 given in %s on line %d
NULL
-- Testing array_filter() function with more than expected no. of arguments --
Warning: array_filter() expects at most 3 parameters, 4 given in %s on line %d
NULL
-- Testing array_filter() function with incorrect callback --
Warning: array_filter() expects parameter 2 to be a valid callback, function 'even' not found or invalid function name in %s on line %d
NULL
Done
---- ACTUAL OUTPUT
Failed loading /opt/php-7.1/lib/php/extensions/debug-non-zts-20160303/xdebug.so:  /opt/php-7.1/lib/php/extensions/debug-non-zts-20160303/xdebug.so: cannot open shared object file: No such file or directory
*** Testing array_filter() : error conditions ***
-- Testing array_filter() function with Zero arguments --
Warning: array_filter() expects at least 1 parameter, 0 given in /root/php-src/ext/standard/tests/array/array_filter_error.php on line 11
NULL
-- Testing array_filter() function with more than expected no. of arguments --
Warning: array_filter() expects at most 3 parameters, 4 given in /root/php-src/ext/standard/tests/array/array_filter_error.php on line 28
NULL
-- Testing array_filter() function with incorrect callback --
Warning: array_filter() expects parameter 2 to be a valid callback, function 'even' not found or invalid function name in /root/php-src/ext/standard/tests/array/array_filter_error.php on line 32
NULL
Done
---- FAILED
