
---- EXPECTED OUTPUT
*** Testing array_uintersect() : error conditions ***

-- Testing array_uintersect() function with more than expected no. of arguments --

Warning: array_uintersect() expects parameter 4 to be a valid callback, no array or string given in %sarray_uintersect_error.php on line %d
NULL

-- Testing array_uintersect() function with less than expected no. of arguments --

Warning: array_uintersect(): at least 3 parameters are required, 2 given in %sarray_uintersect_error.php on line %d
NULL
===DONE===
---- ACTUAL OUTPUT
Failed loading /opt/php-7.1/lib/php/extensions/debug-non-zts-20160303/xdebug.so:  /opt/php-7.1/lib/php/extensions/debug-non-zts-20160303/xdebug.so: cannot open shared object file: No such file or directory
*** Testing array_uintersect() : error conditions ***

-- Testing array_uintersect() function with more than expected no. of arguments --

Warning: array_uintersect() expects parameter 4 to be a valid callback, no array or string given in /root/php-src/ext/standard/tests/array/array_uintersect_error.php on line 20
NULL

-- Testing array_uintersect() function with less than expected no. of arguments --

Warning: array_uintersect(): at least 3 parameters are required, 2 given in /root/php-src/ext/standard/tests/array/array_uintersect_error.php on line 26
NULL
===DONE===
---- FAILED
