
---- EXPECTED OUTPUT
*** Testing array_unique() : error conditions ***

-- Testing array_unique() function with zero arguments --

Warning: array_unique() expects at least 1 parameter, 0 given in %s on line %d
NULL

-- Testing array_unique() function with more than expected no. of arguments --

Warning: array_unique() expects at most 2 parameters, 3 given in %s on line %d
NULL
Done
---- ACTUAL OUTPUT
Failed loading /opt/php-7.1/lib/php/extensions/debug-non-zts-20160303/xdebug.so:  /opt/php-7.1/lib/php/extensions/debug-non-zts-20160303/xdebug.so: cannot open shared object file: No such file or directory
*** Testing array_unique() : error conditions ***

-- Testing array_unique() function with zero arguments --

Warning: array_unique() expects at least 1 parameter, 0 given in /root/php-src/ext/standard/tests/array/array_unique_error.php on line 11
NULL

-- Testing array_unique() function with more than expected no. of arguments --

Warning: array_unique() expects at most 2 parameters, 3 given in /root/php-src/ext/standard/tests/array/array_unique_error.php on line 17
NULL
Done
---- FAILED
