
---- EXPECTED OUTPUT
*** Testing array_combine() : error conditions specific to array_combine() ***

-- Testing array_combine() function with empty arrays --
array(0) {
}

-- Testing array_combine() function with empty array for $keys argument --

Warning: array_combine(): Both parameters should have an equal number of elements in %s on line %d
bool(false)

-- Testing array_combine() function with empty array for $values argument --

Warning: array_combine(): Both parameters should have an equal number of elements in %s on line %d
bool(false)

-- Testing array_combine() function by passing array with unequal number of elements --

Warning: array_combine(): Both parameters should have an equal number of elements in %s on line %d
bool(false)
Done
---- ACTUAL OUTPUT
Failed loading /opt/php-7.1/lib/php/extensions/debug-non-zts-20160303/xdebug.so:  /opt/php-7.1/lib/php/extensions/debug-non-zts-20160303/xdebug.so: cannot open shared object file: No such file or directory
*** Testing array_combine() : error conditions specific to array_combine() ***

-- Testing array_combine() function with empty arrays --
array(0) {
}

-- Testing array_combine() function with empty array for $keys argument --

Warning: array_combine(): Both parameters should have an equal number of elements in /root/php-src/ext/standard/tests/array/array_combine_error2.php on line 16
bool(false)

-- Testing array_combine() function with empty array for $values argument --

Warning: array_combine(): Both parameters should have an equal number of elements in /root/php-src/ext/standard/tests/array/array_combine_error2.php on line 20
bool(false)

-- Testing array_combine() function by passing array with unequal number of elements --

Warning: array_combine(): Both parameters should have an equal number of elements in /root/php-src/ext/standard/tests/array/array_combine_error2.php on line 24
bool(false)
Done
---- FAILED
