
---- EXPECTED OUTPUT
*** Testing array_walk_recursive() : error conditions - callback parameters ***
Exception: Too few arguments to function callback1(), 2 passed and exactly 3 expected
Exception: Too few arguments to function callback2(), 3 passed and exactly 4 expected
Exception: Too few arguments to function callback1(), 2 passed and exactly 3 expected
Exception: Too few arguments to function callback2(), 3 passed and exactly 4 expected
-- Testing array_walk_recursive() function with too many callback parameters --

Warning: array_walk_recursive() expects at most 3 parameters, 4 given in %s on line %d
NULL
Done
---- ACTUAL OUTPUT
Failed loading /opt/php-7.1/lib/php/extensions/debug-non-zts-20160303/xdebug.so:  /opt/php-7.1/lib/php/extensions/debug-non-zts-20160303/xdebug.so: cannot open shared object file: No such file or directory
*** Testing array_walk_recursive() : error conditions - callback parameters ***
Exception: Too few arguments to function callback1(), 2 passed and exactly 3 expected
Exception: Too few arguments to function callback2(), 3 passed and exactly 4 expected
Exception: Too few arguments to function callback1(), 2 passed and exactly 3 expected
Exception: Too few arguments to function callback2(), 3 passed and exactly 4 expected
-- Testing array_walk_recursive() function with too many callback parameters --

Warning: array_walk_recursive() expects at most 3 parameters, 4 given in /root/php-src/ext/standard/tests/array/array_walk_recursive_error2.php on line 47
NULL
Done
---- FAILED
