
---- EXPECTED OUTPUT
*** Testing array_diff_uassoc() : error conditions ***

-- Testing array_diff_uassoc() function with more than expected no. of arguments --

Warning: array_diff_uassoc() expects parameter 4 to be a valid callback, array must have exactly two members in %s on line %d
NULL

Warning: array_diff_uassoc() expects parameter 6 to be a valid callback, array must have exactly two members in %s on line %d
NULL

-- Testing array_diff_uassoc() function with less than expected no. of arguments --

Warning: array_diff_uassoc(): at least 3 parameters are required, 2 given in %s on line %d
NULL

-- Testing array_diff_uassoc() function with no arguments --

Warning: array_diff_uassoc(): at least 3 parameters are required, 0 given in %s on line %d
NULL
===DONE===
---- ACTUAL OUTPUT
Failed loading /opt/php-7.1/lib/php/extensions/debug-non-zts-20160303/xdebug.so:  /opt/php-7.1/lib/php/extensions/debug-non-zts-20160303/xdebug.so: cannot open shared object file: No such file or directory
*** Testing array_diff_uassoc() : error conditions ***

-- Testing array_diff_uassoc() function with more than expected no. of arguments --

Warning: array_diff_uassoc() expects parameter 4 to be a valid callback, array must have exactly two members in /root/php-src/ext/standard/tests/array/array_diff_uassoc_error.php on line 27
NULL

Warning: array_diff_uassoc() expects parameter 6 to be a valid callback, array must have exactly two members in /root/php-src/ext/standard/tests/array/array_diff_uassoc_error.php on line 28
NULL

-- Testing array_diff_uassoc() function with less than expected no. of arguments --

Warning: array_diff_uassoc(): at least 3 parameters are required, 2 given in /root/php-src/ext/standard/tests/array/array_diff_uassoc_error.php on line 32
NULL

-- Testing array_diff_uassoc() function with no arguments --

Warning: array_diff_uassoc(): at least 3 parameters are required, 0 given in /root/php-src/ext/standard/tests/array/array_diff_uassoc_error.php on line 36
NULL
===DONE===
---- FAILED
