
---- EXPECTED OUTPUT
*** Testing array_intersect_assoc() : error conditions ***

-- Testing array_intersect_assoc() function with Zero arguments --

Warning: array_intersect_assoc(): at least 2 parameters are required, 0 given in %s on line %d
NULL

-- Testing array_intersect_assoc() function with less than expected no. of arguments --

Warning: array_intersect_assoc(): at least 2 parameters are required, 1 given in %s on line %d
NULL
Done
---- ACTUAL OUTPUT
Failed loading /opt/php-7.1/lib/php/extensions/debug-non-zts-20160303/xdebug.so:  /opt/php-7.1/lib/php/extensions/debug-non-zts-20160303/xdebug.so: cannot open shared object file: No such file or directory
*** Testing array_intersect_assoc() : error conditions ***

-- Testing array_intersect_assoc() function with Zero arguments --

Warning: array_intersect_assoc(): at least 2 parameters are required, 0 given in /root/php-src/ext/standard/tests/array/array_intersect_assoc_error.php on line 12
NULL

-- Testing array_intersect_assoc() function with less than expected no. of arguments --

Warning: array_intersect_assoc(): at least 2 parameters are required, 1 given in /root/php-src/ext/standard/tests/array/array_intersect_assoc_error.php on line 17
NULL
Done
---- FAILED
