
---- EXPECTED OUTPUT
*** Testing array_fill() : error conditions ***
-- Testing array_fill() function with Zero arguments --

Warning: array_fill() expects exactly 3 parameters, 0 given in %s on line %d
NULL
-- Testing array_fill() function with more than expected no. of arguments --

Warning: array_fill() expects exactly 3 parameters, 4 given in %s on line %d
NULL
-- Testing array_fill() function with less than expected no. of arguments --

Warning: array_fill() expects exactly 3 parameters, 2 given in %s on line %d
NULL

Warning: array_fill(): Number of elements can't be negative in %s on line %d
bool(false)
Done
---- ACTUAL OUTPUT
Failed loading /opt/php-7.1/lib/php/extensions/debug-non-zts-20160303/xdebug.so:  /opt/php-7.1/lib/php/extensions/debug-non-zts-20160303/xdebug.so: cannot open shared object file: No such file or directory
*** Testing array_fill() : error conditions ***
-- Testing array_fill() function with Zero arguments --

Warning: array_fill() expects exactly 3 parameters, 0 given in /root/php-src/ext/standard/tests/array/array_fill_error.php on line 12
NULL
-- Testing array_fill() function with more than expected no. of arguments --

Warning: array_fill() expects exactly 3 parameters, 4 given in /root/php-src/ext/standard/tests/array/array_fill_error.php on line 20
NULL
-- Testing array_fill() function with less than expected no. of arguments --

Warning: array_fill() expects exactly 3 parameters, 2 given in /root/php-src/ext/standard/tests/array/array_fill_error.php on line 26
NULL

Warning: array_fill(): Number of elements can't be negative in /root/php-src/ext/standard/tests/array/array_fill_error.php on line 30
bool(false)
Done
---- FAILED
