
---- EXPECTED OUTPUT
*** Testing prev() : error conditions ***

-- Testing prev() function with Zero arguments --

Warning: prev() expects exactly 1 parameter, 0 given in %s on line %d
NULL

-- Testing prev() function with more than expected no. of arguments --

Warning: prev() expects exactly 1 parameter, 2 given in %s on line %d
NULL
===DONE===
---- ACTUAL OUTPUT
Failed loading /opt/php-7.1/lib/php/extensions/debug-non-zts-20160303/xdebug.so:  /opt/php-7.1/lib/php/extensions/debug-non-zts-20160303/xdebug.so: cannot open shared object file: No such file or directory
*** Testing prev() : error conditions ***

-- Testing prev() function with Zero arguments --

Warning: prev() expects exactly 1 parameter, 0 given in /root/php-src/ext/standard/tests/array/prev_error1.php on line 15
NULL

-- Testing prev() function with more than expected no. of arguments --

Warning: prev() expects exactly 1 parameter, 2 given in /root/php-src/ext/standard/tests/array/prev_error1.php on line 21
NULL
===DONE===
---- FAILED
