
---- EXPECTED OUTPUT
*** Testing rsort() : error conditions ***

-- Testing rsort() function with Zero arguments --

Warning: rsort() expects at least 1 parameter, 0 given in %s on line %d
bool(false)

-- Testing rsort() function with more than expected no. of arguments --

Warning: rsort() expects at most 2 parameters, 3 given in %s on line %d
bool(false)
array(2) {
  [0]=>
  int(1)
  [1]=>
  int(2)
}
Done
---- ACTUAL OUTPUT
Failed loading /opt/php-7.1/lib/php/extensions/debug-non-zts-20160303/xdebug.so:  /opt/php-7.1/lib/php/extensions/debug-non-zts-20160303/xdebug.so: cannot open shared object file: No such file or directory
*** Testing rsort() : error conditions ***

-- Testing rsort() function with Zero arguments --

Warning: rsort() expects at least 1 parameter, 0 given in /root/php-src/ext/standard/tests/array/rsort_error.php on line 15
bool(false)

-- Testing rsort() function with more than expected no. of arguments --

Warning: rsort() expects at most 2 parameters, 3 given in /root/php-src/ext/standard/tests/array/rsort_error.php on line 22
bool(false)
array(2) {
  [0]=>
  int(1)
  [1]=>
  int(2)
}
Done
---- FAILED
