
---- EXPECTED OUTPUT
*** Testing sort() : error conditions ***

-- Testing sort() function with Zero arguments --

Warning: sort() expects at least 1 parameter, 0 given in %s on line %d
bool(false)

-- Testing sort() function with more than expected no. of arguments --

Sort flag = SORT_REGULAR

Warning: sort() expects at most 2 parameters, 3 given in %s on line %d
bool(false)
array(2) {
  [0]=>
  int(1)
  [1]=>
  int(2)
}

Sort flag = SORT_STRING

Warning: sort() expects at most 2 parameters, 3 given in %s on line %d
bool(false)
array(2) {
  [0]=>
  int(1)
  [1]=>
  int(2)
}

Sort flag = SORT_NUMERIC

Warning: sort() expects at most 2 parameters, 3 given in %s on line %d
bool(false)
array(2) {
  [0]=>
  int(1)
  [1]=>
  int(2)
}
Done
---- ACTUAL OUTPUT
Failed loading /opt/php-7.1/lib/php/extensions/debug-non-zts-20160303/xdebug.so:  /opt/php-7.1/lib/php/extensions/debug-non-zts-20160303/xdebug.so: cannot open shared object file: No such file or directory
*** Testing sort() : error conditions ***

-- Testing sort() function with Zero arguments --

Warning: sort() expects at least 1 parameter, 0 given in /root/php-src/ext/standard/tests/array/sort_error.php on line 15
bool(false)

-- Testing sort() function with more than expected no. of arguments --

Sort flag = SORT_REGULAR

Warning: sort() expects at most 2 parameters, 3 given in /root/php-src/ext/standard/tests/array/sort_error.php on line 26
bool(false)
array(2) {
  [0]=>
  int(1)
  [1]=>
  int(2)
}

Sort flag = SORT_STRING

Warning: sort() expects at most 2 parameters, 3 given in /root/php-src/ext/standard/tests/array/sort_error.php on line 26
bool(false)
array(2) {
  [0]=>
  int(1)
  [1]=>
  int(2)
}

Sort flag = SORT_NUMERIC

Warning: sort() expects at most 2 parameters, 3 given in /root/php-src/ext/standard/tests/array/sort_error.php on line 26
bool(false)
array(2) {
  [0]=>
  int(1)
  [1]=>
  int(2)
}
Done
---- FAILED
