
---- EXPECTED OUTPUT
*** Testing usort() : error conditions ***

-- Testing usort() function with more than expected no. of arguments --

Warning: usort() expects exactly 2 parameters, 3 given in %s on line %d
NULL

-- Testing usort() function with less than expected no. of arguments --

Warning: usort() expects exactly 2 parameters, 1 given in %s on line %d
NULL
===DONE===
---- ACTUAL OUTPUT
Failed loading /opt/php-7.1/lib/php/extensions/debug-non-zts-20160303/xdebug.so:  /opt/php-7.1/lib/php/extensions/debug-non-zts-20160303/xdebug.so: cannot open shared object file: No such file or directory
*** Testing usort() : error conditions ***

-- Testing usort() function with more than expected no. of arguments --

Warning: usort() expects exactly 2 parameters, 3 given in /root/php-src/ext/standard/tests/array/usort_error1.php on line 18
NULL

-- Testing usort() function with less than expected no. of arguments --

Warning: usort() expects exactly 2 parameters, 1 given in /root/php-src/ext/standard/tests/array/usort_error1.php on line 23
NULL
===DONE===
---- FAILED
