
---- EXPECTED OUTPUT
Fatal error: Uncaught AssertionError: assert(false) in %sexpect_002.php:%d
Stack trace:
#0 %sexpect_002.php(%d): assert(false, 'assert(false)')
#1 {main}
  thrown in %sexpect_002.php on line %d
---- ACTUAL OUTPUT
Failed loading /opt/php-7.1/lib/php/extensions/debug-non-zts-20160303/xdebug.so:  /opt/php-7.1/lib/php/extensions/debug-non-zts-20160303/xdebug.so: cannot open shared object file: No such file or directory

Fatal error: Uncaught AssertionError: assert(false) in /root/php-src/Zend/tests/assert/expect_002.php:2
Stack trace:
#0 /root/php-src/Zend/tests/assert/expect_002.php(2): assert(false, 'assert(false)')
#1 {main}
  thrown in /root/php-src/Zend/tests/assert/expect_002.php on line 2
---- FAILED
