
---- EXPECTED OUTPUT
*** Testing posix_getpwuid() : error conditions ***

-- Testing posix_getpwuid() function with Zero arguments --

Warning: posix_getpwuid() expects exactly 1 parameter, 0 given in %s on line %d
bool(false)

-- Testing posix_getpwuid() function with more than expected no. of arguments --

Warning: posix_getpwuid() expects exactly 1 parameter, 2 given in %s on line %d
bool(false)

-- Testing posix_getpwuid() function negative uid --
bool(false)
Done
---- ACTUAL OUTPUT
Failed loading /opt/php-7.1/lib/php/extensions/debug-non-zts-20160303/xdebug.so:  /opt/php-7.1/lib/php/extensions/debug-non-zts-20160303/xdebug.so: cannot open shared object file: No such file or directory
*** Testing posix_getpwuid() : error conditions ***

-- Testing posix_getpwuid() function with Zero arguments --

Warning: posix_getpwuid() expects exactly 1 parameter, 0 given in /root/php-src/ext/posix/tests/posix_getpwuid_error.php on line 11
bool(false)

-- Testing posix_getpwuid() function with more than expected no. of arguments --

Warning: posix_getpwuid() expects exactly 1 parameter, 2 given in /root/php-src/ext/posix/tests/posix_getpwuid_error.php on line 16
bool(false)

-- Testing posix_getpwuid() function negative uid --
bool(false)
Done
---- FAILED
