
---- EXPECTED OUTPUT
*** Testing posix_getgrgid() : error conditions ***

-- Testing posix_getgrgid() function with Zero arguments --

Warning: posix_getgrgid() expects exactly 1 parameter, 0 given in %s on line %d
bool(false)

-- Testing posix_getgrgid() function with more than expected no. of arguments --

Warning: posix_getgrgid() expects exactly 1 parameter, 2 given in %s on line %d
bool(false)

-- Testing posix_getgrgid() function with a negative group id --
bool(false)
Done
---- ACTUAL OUTPUT
Failed loading /opt/php-7.1/lib/php/extensions/debug-non-zts-20160303/xdebug.so:  /opt/php-7.1/lib/php/extensions/debug-non-zts-20160303/xdebug.so: cannot open shared object file: No such file or directory
*** Testing posix_getgrgid() : error conditions ***

-- Testing posix_getgrgid() function with Zero arguments --

Warning: posix_getgrgid() expects exactly 1 parameter, 0 given in /root/php-src/ext/posix/tests/posix_getgrgid_error.php on line 12
bool(false)

-- Testing posix_getgrgid() function with more than expected no. of arguments --

Warning: posix_getgrgid() expects exactly 1 parameter, 2 given in /root/php-src/ext/posix/tests/posix_getgrgid_error.php on line 19
bool(false)

-- Testing posix_getgrgid() function with a negative group id --
bool(false)
Done
---- FAILED
