
---- EXPECTED OUTPUT
*** Testing posix_getpid() : error conditions ***

-- Testing posix_getpid() function with one argument --

Warning: posix_getpid() expects exactly 0 parameters, 1 given in %s on line %d
NULL
Done
---- ACTUAL OUTPUT
Failed loading /opt/php-7.1/lib/php/extensions/debug-non-zts-20160303/xdebug.so:  /opt/php-7.1/lib/php/extensions/debug-non-zts-20160303/xdebug.so: cannot open shared object file: No such file or directory
*** Testing posix_getpid() : error conditions ***

-- Testing posix_getpid() function with one argument --

Warning: posix_getpid() expects exactly 0 parameters, 1 given in /root/php-src/ext/posix/tests/posix_getpid_error.php on line 13
NULL
Done
---- FAILED
