
---- EXPECTED OUTPUT
bool(false)

Fatal error: Uncaught Exception: test in %s:%d
Stack trace:
#0 {main}
  thrown in %s on line %d
---- ACTUAL OUTPUT
Failed loading /opt/php-7.1/lib/php/extensions/debug-non-zts-20160303/xdebug.so:  /opt/php-7.1/lib/php/extensions/debug-non-zts-20160303/xdebug.so: cannot open shared object file: No such file or directory
bool(false)

Fatal error: Uncaught Exception: test in /root/php-src/Zend/tests/generators/throw_already_closed.php:11
Stack trace:
#0 {main}
  thrown in /root/php-src/Zend/tests/generators/throw_already_closed.php on line 11
---- FAILED
