
---- EXPECTED OUTPUT
*** Testing class_exists() : error conditions ***

-- Testing class_exists() function with Zero arguments --

Warning: class_exists() expects at least 1 parameter, 0 given in %s on line 16
NULL

-- Testing class_exists() function with more than expected no. of arguments --

Warning: class_exists() expects at most 2 parameters, 3 given in %s on line 23
NULL
Done
---- ACTUAL OUTPUT
Failed loading /opt/php-7.1/lib/php/extensions/debug-non-zts-20160303/xdebug.so:  /opt/php-7.1/lib/php/extensions/debug-non-zts-20160303/xdebug.so: cannot open shared object file: No such file or directory
*** Testing class_exists() : error conditions ***

-- Testing class_exists() function with Zero arguments --

Warning: class_exists() expects at least 1 parameter, 0 given in /root/php-src/ext/standard/tests/class_object/class_exists_error_001.php on line 16
NULL

-- Testing class_exists() function with more than expected no. of arguments --

Warning: class_exists() expects at most 2 parameters, 3 given in /root/php-src/ext/standard/tests/class_object/class_exists_error_001.php on line 23
NULL
Done
---- FAILED
