
---- EXPECTED OUTPUT
*** Testing get_declared_classes() : error conditions ***

-- Testing get_declared_classes() function with one argument --

Warning: get_declared_classes() expects exactly 0 parameters, 1 given in %s on line 13
NULL
Done
---- ACTUAL OUTPUT
Failed loading /opt/php-7.1/lib/php/extensions/debug-non-zts-20160303/xdebug.so:  /opt/php-7.1/lib/php/extensions/debug-non-zts-20160303/xdebug.so: cannot open shared object file: No such file or directory
*** Testing get_declared_classes() : error conditions ***

-- Testing get_declared_classes() function with one argument --

Warning: get_declared_classes() expects exactly 0 parameters, 1 given in /root/php-src/ext/standard/tests/class_object/get_declared_classes_error_001.php on line 13
NULL
Done
---- FAILED
