
---- EXPECTED OUTPUT
*** Testing is_subclass_of() : error conditions ***

-- Testing is_subclass_of() function with more than expected no. of arguments --

Warning: is_subclass_of() expects at most 3 parameters, 4 given in %s on line 17
NULL

-- Testing is_subclass_of() function with more than typo style invalid 3rd argument --
bool(false)

-- Testing is_subclass_of() function with more than invalid 3rd argument --

Warning: is_subclass_of() expects parameter 3 to be boolean, object given in %s on line 26
NULL

-- Testing is_subclass_of() function with less than expected no. of arguments --

Warning: is_subclass_of() expects at least 2 parameters, 1 given in %s on line 31
NULL
Done
---- ACTUAL OUTPUT
Failed loading /opt/php-7.1/lib/php/extensions/debug-non-zts-20160303/xdebug.so:  /opt/php-7.1/lib/php/extensions/debug-non-zts-20160303/xdebug.so: cannot open shared object file: No such file or directory
*** Testing is_subclass_of() : error conditions ***

-- Testing is_subclass_of() function with more than expected no. of arguments --

Warning: is_subclass_of() expects at most 3 parameters, 4 given in /root/php-src/ext/standard/tests/class_object/is_subclass_of_error_001.php on line 17
NULL

-- Testing is_subclass_of() function with more than typo style invalid 3rd argument --
bool(false)

-- Testing is_subclass_of() function with more than invalid 3rd argument --

Warning: is_subclass_of() expects parameter 3 to be boolean, object given in /root/php-src/ext/standard/tests/class_object/is_subclass_of_error_001.php on line 26
NULL

-- Testing is_subclass_of() function with less than expected no. of arguments --

Warning: is_subclass_of() expects at least 2 parameters, 1 given in /root/php-src/ext/standard/tests/class_object/is_subclass_of_error_001.php on line 31
NULL
Done
---- FAILED
