Failed loading /opt/php-7.1/lib/php/extensions/debug-non-zts-20160303/xdebug.so:  /opt/php-7.1/lib/php/extensions/debug-non-zts-20160303/xdebug.so: cannot open shared object file: No such file or directory
int(0)
int(1)
Exception: Too few arguments to function test2(), 0 passed in /root/php-src/Zend/tests/001.php on line 18 and exactly 1 expected
int(2)
int(0)
Exception: Too few arguments to function test3(), 1 passed in /root/php-src/Zend/tests/001.php on line 27 and exactly 2 expected
int(2)
int(1)

Warning: func_num_args():  Called from the global scope - no function context in /root/php-src/Zend/tests/001.php on line 40
int(-1)
Done