
---- EXPECTED OUTPUT
Warning: trigger_error() expects at least 1 parameter, 0 given in %s on line %d
NULL

Notice: error in %s on line %d
bool(true)

Warning: trigger_error() expects parameter 1 to be string, array given in %s on line %d
NULL

Warning: Invalid error type specified in %s on line %d
bool(false)

Warning: Invalid error type specified in %s on line %d
bool(false)

Warning: error in %s on line %d
bool(true)

Deprecated: error in %s on line %d
bool(true)
Done
---- ACTUAL OUTPUT
Failed loading /opt/php-7.1/lib/php/extensions/debug-non-zts-20160303/xdebug.so:  /opt/php-7.1/lib/php/extensions/debug-non-zts-20160303/xdebug.so: cannot open shared object file: No such file or directory

Warning: trigger_error() expects at least 1 parameter, 0 given in /root/php-src/Zend/tests/015.php on line 3
NULL

Notice: error in /root/php-src/Zend/tests/015.php on line 4
bool(true)

Warning: trigger_error() expects parameter 1 to be string, array given in /root/php-src/Zend/tests/015.php on line 5
NULL

Warning: Invalid error type specified in /root/php-src/Zend/tests/015.php on line 6
bool(false)

Warning: Invalid error type specified in /root/php-src/Zend/tests/015.php on line 7
bool(false)

Warning: error in /root/php-src/Zend/tests/015.php on line 8
bool(true)

Deprecated: error in /root/php-src/Zend/tests/015.php on line 9
bool(true)
Done
---- FAILED
