
---- EXPECTED OUTPUT
Exception: Too few arguments to function NormalTest(), 0 passed in %sbug33996.php on line 18 and exactly 1 expected
Exception: Too few arguments to function FooTest(), 0 passed in %sbug33996.php on line 23 and exactly 1 expected
Hello!
---- ACTUAL OUTPUT
Failed loading /opt/php-7.1/lib/php/extensions/debug-non-zts-20160303/xdebug.so:  /opt/php-7.1/lib/php/extensions/debug-non-zts-20160303/xdebug.so: cannot open shared object file: No such file or directory
Exception: Too few arguments to function NormalTest(), 0 passed in /root/php-src/Zend/tests/bug33996.php on line 18 and exactly 1 expected
Exception: Too few arguments to function FooTest(), 0 passed in /root/php-src/Zend/tests/bug33996.php on line 23 and exactly 1 expected
Hello!
---- FAILED
