
---- EXPECTED OUTPUT
Fatal error: Uncaught Exception: error! in %sbug51394.php:%d
Stack trace:
#0 %sbug51394.php(%d): eh(8, 'Undefined varia%s', '%s', %d, Array)
#1 {main}
  thrown in %sbug51394.php on line %d
---- ACTUAL OUTPUT
Failed loading /opt/php-7.1/lib/php/extensions/debug-non-zts-20160303/xdebug.so:  /opt/php-7.1/lib/php/extensions/debug-non-zts-20160303/xdebug.so: cannot open shared object file: No such file or directory

Fatal error: Uncaught Exception: error! in /root/php-src/Zend/tests/bug51394.php:4
Stack trace:
#0 /root/php-src/Zend/tests/bug51394.php(9): eh(8, 'Undefined varia...', '/root/php-src/Z...', 9, Array)
#1 {main}
  thrown in /root/php-src/Zend/tests/bug51394.php on line 4
---- FAILED
