
---- EXPECTED OUTPUT
error(require(notfound.php): failed to open stream: %s)
Warning: Uncaught Exception: Foo in %sbug60909_1.php:5
Stack trace:
#0 %sbug60909_1.php(8): {closure}(2, 'require(notfoun...', '%s', 8, Array)
#1 %sbug60909_1.php(8): require()
#2 {main}
  thrown in %sbug60909_1.php on line 5

Fatal error: main(): Failed opening required 'notfound.php' (include_path='%s') in %sbug60909_1.php on line 8


!!!shutdown!!!
---- ACTUAL OUTPUT
Failed loading /opt/php-7.1/lib/php/extensions/debug-non-zts-20160303/xdebug.so:  /opt/php-7.1/lib/php/extensions/debug-non-zts-20160303/xdebug.so: cannot open shared object file: No such file or directory
error(require(notfound.php): failed to open stream: No such file or directory)
Warning: Uncaught Exception: Foo in /root/php-src/Zend/tests/bug60909_1.php:5
Stack trace:
#0 /root/php-src/Zend/tests/bug60909_1.php(8): {closure}(2, 'require(notfoun...', '/root/php-src/Z...', 8, Array)
#1 /root/php-src/Zend/tests/bug60909_1.php(8): require()
#2 {main}
  thrown in /root/php-src/Zend/tests/bug60909_1.php on line 5

Fatal error: main(): Failed opening required 'notfound.php' (include_path='.:/opt/php-7.1/lib/php') in /root/php-src/Zend/tests/bug60909_1.php on line 8


!!!shutdown!!!
---- FAILED
