
---- EXPECTED OUTPUT
string(%d) "Exception: Foo in %sbug70944.php:%d
Stack trace:
#0 {main}"
string(%d) "Exception: Foo in %sbug70944.php:%d
Stack trace:
#0 {main}

Next Exception: Dummy in %sbug70944.php:%d
Stack trace:
#0 {main}"
---- ACTUAL OUTPUT
Failed loading /opt/php-7.1/lib/php/extensions/debug-non-zts-20160303/xdebug.so:  /opt/php-7.1/lib/php/extensions/debug-non-zts-20160303/xdebug.so: cannot open shared object file: No such file or directory
string(80) "Exception: Foo in /root/php-src/Zend/tests/bug70944.php:3
Stack trace:
#0 {main}"
string(171) "Exception: Foo in /root/php-src/Zend/tests/bug70944.php:14
Stack trace:
#0 {main}

Next Exception: Dummy in /root/php-src/Zend/tests/bug70944.php:18
Stack trace:
#0 {main}"
---- FAILED
