
---- EXPECTED OUTPUT
string(%s) "Exception: aaa in %sbug72581.php:%d
Stack trace:
#0 {main}"
---- ACTUAL OUTPUT
Failed loading /opt/php-7.1/lib/php/extensions/debug-non-zts-20160303/xdebug.so:  /opt/php-7.1/lib/php/extensions/debug-non-zts-20160303/xdebug.so: cannot open shared object file: No such file or directory
string(80) "Exception: aaa in /root/php-src/Zend/tests/bug72581.php:3
Stack trace:
#0 {main}"
---- FAILED
