Failed loading /opt/php-7.1/lib/php/extensions/debug-non-zts-20160303/xdebug.so:  /opt/php-7.1/lib/php/extensions/debug-non-zts-20160303/xdebug.so: cannot open shared object file: No such file or directory

Exception: Cannot call abstract method C::foo() in /root/php-src/Zend/tests/exception_017.php on line 10

Exception: Argument 1 passed to foo() must be callable, string given, called in /root/php-src/Zend/tests/exception_017.php on line 16
Exception: Cannot call abstract method C::foo()

Fatal error: Uncaught Error: Cannot call abstract method C::foo() in /root/php-src/Zend/tests/exception_017.php:25
Stack trace:
#0 {main}
  thrown in /root/php-src/Zend/tests/exception_017.php on line 25