
---- EXPECTED OUTPUT
Fatal error: Uncaught AssertionError: assert(false) in %sexception_011.php:%d
Stack trace:
#0 %sexception_011.php(%d): assert(false, 'assert(false)')
#1 {main}
  thrown in %sexception_011.php on line %d
---- ACTUAL OUTPUT
Fatal error: Uncaught AssertionError: assert(false) in /root/php-src/Zend/tests/exception_011.php:4
Stack trace:
#0 /root/php-src/Zend/tests/exception_011.php(4): assert(false, 'assert(false)')
#1 {main}
  thrown in /root/php-src/Zend/tests/exception_011.php on line 4

Warning: PHP Startup: Unable to load dynamic library '/opt/php-7.1/lib/php/extensions/debug-non-zts-20160303/php_mysqli.so' - /opt/php-7.1/lib/php/extensions/debug-non-zts-20160303/php_mysqli.so: cannot open shared object file: No such file or directory in Unknown on line 0

Warning: PHP Startup: Unable to load dynamic library '/opt/php-7.1/lib/php/extensions/debug-non-zts-20160303/gd.so' - /opt/php-7.1/lib/php/extensions/debug-non-zts-20160303/gd.so: cannot open shared object file: No such file or directory in Unknown on line 0
---- FAILED
