
---- EXPECTED OUTPUT
Exception: Using $this when not in object context in %sexception_016.php on line %d

Fatal error: Uncaught Error: Using $this when not in object context in %sexception_016.php:%d
Stack trace:
#0 {main}
  thrown in %sexception_016.php on line %d
---- ACTUAL OUTPUT
Failed loading /opt/php-7.1/lib/php/extensions/debug-non-zts-20160303/xdebug.so:  /opt/php-7.1/lib/php/extensions/debug-non-zts-20160303/xdebug.so: cannot open shared object file: No such file or directory

Exception: Using $this when not in object context in /root/php-src/Zend/tests/exception_016.php on line 3

Fatal error: Uncaught Error: Using $this when not in object context in /root/php-src/Zend/tests/exception_016.php:8
Stack trace:
#0 {main}
  thrown in /root/php-src/Zend/tests/exception_016.php on line 8
---- FAILED
