
---- EXPECTED OUTPUT
*** Testing get_defined_functions() : error conditions ***

-- Testing get_defined_functions() function with more than expected no. of arguments --

Warning: get_defined_functions() expects at most 1 parameter, 2 given in %s on line %d
NULL
===Done===
---- ACTUAL OUTPUT
Failed loading /opt/php-7.1/lib/php/extensions/debug-non-zts-20160303/xdebug.so:  /opt/php-7.1/lib/php/extensions/debug-non-zts-20160303/xdebug.so: cannot open shared object file: No such file or directory
*** Testing get_defined_functions() : error conditions ***

-- Testing get_defined_functions() function with more than expected no. of arguments --

Warning: get_defined_functions() expects at most 1 parameter, 2 given in /root/php-src/Zend/tests/get_defined_functions_error.php on line 15
NULL
===Done===
---- FAILED
