
---- EXPECTED OUTPUT
Exception: Unsupported operand types

Fatal error: Uncaught Error: Unsupported operand types in %s:%d
Stack trace:
#0 {main}
  thrown in %s on line %d
---- ACTUAL OUTPUT
Failed loading /opt/php-7.1/lib/php/extensions/debug-non-zts-20160303/xdebug.so:  /opt/php-7.1/lib/php/extensions/debug-non-zts-20160303/xdebug.so: cannot open shared object file: No such file or directory

Exception: Unsupported operand types

Fatal error: Uncaught Error: Unsupported operand types in /root/php-src/Zend/tests/not_002.php:12
Stack trace:
#0 {main}
  thrown in /root/php-src/Zend/tests/not_002.php on line 12
---- FAILED
