
---- EXPECTED OUTPUT
*** Testing copy() function: error conditions --

Warning: copy(/no/file): failed to open stream: No such file or directory in %s on line %d
bool(false)

Warning: copy() expects at least 2 parameters, 0 given in %s on line %d
NULL

Warning: copy() expects at least 2 parameters, 1 given in %s on line %d
NULL

Warning: copy() expects parameter 3 to be resource, string given in %s on line %d
NULL
*** Done ***
---- ACTUAL OUTPUT
Failed loading /opt/php-7.1/lib/php/extensions/debug-non-zts-20160303/xdebug.so:  /opt/php-7.1/lib/php/extensions/debug-non-zts-20160303/xdebug.so: cannot open shared object file: No such file or directory
*** Testing copy() function: error conditions --

Warning: copy(/no/file): failed to open stream: No such file or directory in /root/php-src/ext/standard/tests/file/copy_error.php on line 9
bool(false)

Warning: copy() expects at least 2 parameters, 0 given in /root/php-src/ext/standard/tests/file/copy_error.php on line 12
NULL

Warning: copy() expects at least 2 parameters, 1 given in /root/php-src/ext/standard/tests/file/copy_error.php on line 13
NULL

Warning: copy() expects parameter 3 to be resource, string given in /root/php-src/ext/standard/tests/file/copy_error.php on line 16
NULL
*** Done ***
---- FAILED
