
---- EXPECTED OUTPUT
*** Testing fileowner(): error conditions ***

Warning: fileowner(): stat failed for /no/such/file/dir in %s on line %d
bool(false)

Warning: fileowner(): stat failed for string in %s on line %d
bool(false)

Warning: fileowner(): stat failed for 100 in %s on line %d
bool(false)

Warning: fileowner() expects exactly 1 parameter, 0 given in %s on line %d
NULL

Warning: fileowner() expects exactly 1 parameter, 2 given in %s on line %d
NULL

*** Done ***
---- ACTUAL OUTPUT
Failed loading /opt/php-7.1/lib/php/extensions/debug-non-zts-20160303/xdebug.so:  /opt/php-7.1/lib/php/extensions/debug-non-zts-20160303/xdebug.so: cannot open shared object file: No such file or directory
*** Testing fileowner(): error conditions ***

Warning: fileowner(): stat failed for /no/such/file/dir in /root/php-src/ext/standard/tests/file/fileowner_error.php on line 9
bool(false)

Warning: fileowner(): stat failed for string in /root/php-src/ext/standard/tests/file/fileowner_error.php on line 12
bool(false)

Warning: fileowner(): stat failed for 100 in /root/php-src/ext/standard/tests/file/fileowner_error.php on line 13
bool(false)

Warning: fileowner() expects exactly 1 parameter, 0 given in /root/php-src/ext/standard/tests/file/fileowner_error.php on line 16
NULL

Warning: fileowner() expects exactly 1 parameter, 2 given in /root/php-src/ext/standard/tests/file/fileowner_error.php on line 17
NULL

*** Done ***
---- FAILED
