
---- EXPECTED OUTPUT
*** Testing filesize(): error conditions ***
Warning: filesize(): stat failed for /no/such/file in %s on line %d
bool(false)

Warning: filesize(): stat failed for /no/such/dir in %s on line %d
bool(false)

Warning: filesize() expects exactly 1 parameter, 0 given in %s on line %d
NULL

Warning: filesize() expects exactly 1 parameter, 2 given in %s on line %d
NULL

*** Done ***
---- ACTUAL OUTPUT
Failed loading /opt/php-7.1/lib/php/extensions/debug-non-zts-20160303/xdebug.so:  /opt/php-7.1/lib/php/extensions/debug-non-zts-20160303/xdebug.so: cannot open shared object file: No such file or directory
*** Testing filesize(): error conditions ***
Warning: filesize(): stat failed for /no/such/file in /root/php-src/ext/standard/tests/file/filesize_error.php on line 11
bool(false)

Warning: filesize(): stat failed for /no/such/dir in /root/php-src/ext/standard/tests/file/filesize_error.php on line 12
bool(false)

Warning: filesize() expects exactly 1 parameter, 0 given in /root/php-src/ext/standard/tests/file/filesize_error.php on line 15
NULL

Warning: filesize() expects exactly 1 parameter, 2 given in /root/php-src/ext/standard/tests/file/filesize_error.php on line 18
NULL

*** Done ***
---- FAILED
