
---- EXPECTED OUTPUT
*** Testing glob() : error conditions ***
-- Testing glob() with unexpected no. of arguments --

Warning: glob() expects at least 1 parameter, 0 given in %s on line %d
NULL

Warning: glob() expects at most 2 parameters, 3 given in %s on line %d
NULL

-- Testing glob() with invalid arguments --

Warning: glob() expects parameter 2 to be integer, string given in %s on line %d
NULL

Warning: glob() expects parameter 2 to be integer, string given in %s on line %d
NULL
Done
---- ACTUAL OUTPUT
Failed loading /opt/php-7.1/lib/php/extensions/debug-non-zts-20160303/xdebug.so:  /opt/php-7.1/lib/php/extensions/debug-non-zts-20160303/xdebug.so: cannot open shared object file: No such file or directory
*** Testing glob() : error conditions ***
-- Testing glob() with unexpected no. of arguments --

Warning: glob() expects at least 1 parameter, 0 given in /root/php-src/ext/standard/tests/file/glob_error.php on line 17
NULL

Warning: glob() expects at most 2 parameters, 3 given in /root/php-src/ext/standard/tests/file/glob_error.php on line 18
NULL

-- Testing glob() with invalid arguments --

Warning: glob() expects parameter 2 to be integer, string given in /root/php-src/ext/standard/tests/file/glob_error.php on line 21
NULL

Warning: glob() expects parameter 2 to be integer, string given in /root/php-src/ext/standard/tests/file/glob_error.php on line 22
NULL
Done
---- FAILED
