Failed loading /opt/php-7.1/lib/php/extensions/debug-non-zts-20160303/xdebug.so:  /opt/php-7.1/lib/php/extensions/debug-non-zts-20160303/xdebug.so: cannot open shared object file: No such file or directory
*** Testing is_writable(): error conditions ***

Warning: is_writable() expects exactly 1 parameter, 0 given in /root/php-src/ext/standard/tests/file/is_writable_error.php on line 9
NULL

Warning: is_writeable() expects exactly 1 parameter, 0 given in /root/php-src/ext/standard/tests/file/is_writable_error.php on line 10
NULL

*** Testing is_writeable(): error conditions ***

Warning: is_writable() expects exactly 1 parameter, 2 given in /root/php-src/ext/standard/tests/file/is_writable_error.php on line 13
NULL

Warning: is_writeable() expects exactly 1 parameter, 2 given in /root/php-src/ext/standard/tests/file/is_writable_error.php on line 14
NULL

*** Testing is_writable() on non-existent file ***
bool(false)
bool(false)
Done