
---- EXPECTED OUTPUT
*** Testing ob_end_flush() : error conditions ***

-- Testing ob_end_flush() function with one argument --

Warning: ob_end_flush() expects exactly 0 parameters, 1 given in %s on line 13
NULL
Done
---- ACTUAL OUTPUT
Failed loading /opt/php-7.1/lib/php/extensions/debug-non-zts-20160303/xdebug.so:  /opt/php-7.1/lib/php/extensions/debug-non-zts-20160303/xdebug.so: cannot open shared object file: No such file or directory
*** Testing ob_end_flush() : error conditions ***

-- Testing ob_end_flush() function with one argument --

Warning: ob_end_flush() expects exactly 0 parameters, 1 given in /root/php-src/tests/output/ob_end_flush_error_001.php on line 13
NULL
Done
---- FAILED
