
---- EXPECTED OUTPUT
UnexpectedValueException: phar error: "%s%ebug69453.tar.phar" is a corrupted tar file (checksum mismatch of file "") in %s:%d
Stack trace:
#0 %s%ebug69453.php(%d): Phar->__construct('%s', 0)
#1 {main}
==DONE==
---- ACTUAL OUTPUT
Failed loading /opt/php-7.1/lib/php/extensions/debug-non-zts-20160303/xdebug.so:  /opt/php-7.1/lib/php/extensions/debug-non-zts-20160303/xdebug.so: cannot open shared object file: No such file or directory
UnexpectedValueException: phar error: "/root/php-src/ext/phar/tests/bug69453.tar.phar" is a corrupted tar file (checksum mismatch of file "") in /root/php-src/ext/phar/tests/bug69453.php:4
Stack trace:
#0 /root/php-src/ext/phar/tests/bug69453.php(4): Phar->__construct('/root/php-src/e...', 0)
#1 {main}
==DONE==
---- FAILED
