
---- EXPECTED OUTPUT
Fatal error: Uncaught PharException: No values passed to Phar::mungServer(), expecting an array of any of these strings: PHP_SELF, REQUEST_URI, SCRIPT_FILENAME, SCRIPT_NAME in %sfrontcontroller18.php:2
Stack trace:
#0 %sfrontcontroller18.php(2): Phar::mungServer(Array)
#1 {main}
  thrown in %sfrontcontroller18.php on line 2
---- ACTUAL OUTPUT
Failed loading /opt/php-7.1/lib/php/extensions/debug-non-zts-20160303/xdebug.so:  /opt/php-7.1/lib/php/extensions/debug-non-zts-20160303/xdebug.so: cannot open shared object file: No such file or directory

Fatal error: Uncaught PharException: No values passed to Phar::mungServer(), expecting an array of any of these strings: PHP_SELF, REQUEST_URI, SCRIPT_FILENAME, SCRIPT_NAME in /root/php-src/ext/phar/tests/frontcontroller18.php:2
Stack trace:
#0 /root/php-src/ext/phar/tests/frontcontroller18.php(2): Phar::mungServer(Array)
#1 {main}
  thrown in /root/php-src/ext/phar/tests/frontcontroller18.php on line 2
---- FAILED
